Setting up CMSSW_10_6_30
WARNING: In non-interactive mode release checks e.g. deprecated releases, production architectures are disabled.
CMSSW should now be available.
This is a standalone image for CMSSW_10_6_30 slc7_amd64_gcc700.
>> Local Products Rules ..... started
>> Local Products Rules ..... done
>> Building CMSSW version CMSSW_10_6_30 ----
>> Entering Package NFrame/NFrameMiniAOD
>> Creating project symlinks
Entering library rule at src/NFrame/NFrameMiniAOD/plugins
>> Compiling edm plugin /code/CMSSW_10_6_30/src/NFrame/NFrameMiniAOD/plugins/NFrameMiniAODAnalyzer.cc 
>> Building edm plugin tmp/slc7_amd64_gcc700/src/NFrame/NFrameMiniAOD/plugins/NFrameNFrameMiniAODAuto/libNFrameNFrameMiniAODAuto.so
Leaving library rule at src/NFrame/NFrameMiniAOD/plugins
@@@@ Running edmWriteConfigs for NFrameNFrameMiniAODAuto
--- Registered EDM Plugin: NFrameNFrameMiniAODAuto
>> Leaving Package NFrame/NFrameMiniAOD
>> Package NFrame/NFrameMiniAOD built
>> Subsystem NFrame built
>> Subsystem BigProducts built
gmake[1]: Entering directory '/code/CMSSW_10_6_30'
>> Local Products Rules ..... started
>> Local Products Rules ..... done
>> Creating project symlinks
>> Done python_symlink
>> Compiling python modules cfipython/slc7_amd64_gcc700
>> Compiling python modules python
>> Compiling python modules src/NFrame/NFrameMiniAOD/python
>> All python modules compiled
@@@@ Refreshing Plugins:edmPluginRefresh
>> Plugins of all types refreshed.
>> Done generating edm plugin poisoned information
gmake[1]: Leaving directory '/code/CMSSW_10_6_30'
23-Jun-2026 11:38:15 CEST  Initiating request to open file root://eospublic.cern.ch//eos/opendata/cms/Run2016G/JetHT/MINIAOD/UL2016_MiniAODv2-v2/270000/A0DBB4AC-8D70-BB44-B7B4-26BD38D07F0D.root
%MSG-w XrdAdaptor:  file_open 23-Jun-2026 11:38:18 CEST pre-events
Data is served from cern.ch instead of original site eospublic
%MSG
23-Jun-2026 11:38:21 CEST  Successfully opened file root://eospublic.cern.ch//eos/opendata/cms/Run2016G/JetHT/MINIAOD/UL2016_MiniAODv2-v2/270000/A0DBB4AC-8D70-BB44-B7B4-26BD38D07F0D.root
Begin processing the 1st record. Run 280330, Event 78776370, LumiSection 41 on stream 0 at 23-Jun-2026 11:38:26.375 CEST
23-Jun-2026 11:38:32 CEST  Closed file root://eospublic.cern.ch//eos/opendata/cms/Run2016G/JetHT/MINIAOD/UL2016_MiniAODv2-v2/270000/A0DBB4AC-8D70-BB44-B7B4-26BD38D07F0D.root

=============================================

MessageLogger Summary

 type     category        sev    module        subroutine        count    total
 ---- -------------------- -- ---------------- ----------------  -----    -----
    1 XrdAdaptor           -w file_open                              1        1
    2 fileAction           -s file_close                             1        1
    3 fileAction           -s file_open                              2        2

 type    category    Examples: run/evt        run/evt          run/evt
 ---- -------------------- ---------------- ---------------- ----------------
    1 XrdAdaptor           pre-events                        
    2 fileAction           PostGlobalEndRun                  
    3 fileAction           pre-events       pre-events       

Severity    # Occurrences   Total Occurrences
--------    -------------   -----------------
Warning                 1                   1
System                  3                   3

dropped waiting message count 0
wrote /work/outputs/exact_trigger_calibration_run2016g_jetht/event_features_test_nframe_scored.csv rows 100
23-Jun-2026 11:38:34 CEST  Initiating request to open file root://eospublic.cern.ch//eos/opendata/cms/Run2016G/JetHT/MINIAOD/UL2016_MiniAODv2-v2/270000/A0DBB4AC-8D70-BB44-B7B4-26BD38D07F0D.root
%MSG-w XrdAdaptor:  file_open 23-Jun-2026 11:38:37 CEST pre-events
Data is served from cern.ch instead of original site eospublic
%MSG
23-Jun-2026 11:38:40 CEST  Successfully opened file root://eospublic.cern.ch//eos/opendata/cms/Run2016G/JetHT/MINIAOD/UL2016_MiniAODv2-v2/270000/A0DBB4AC-8D70-BB44-B7B4-26BD38D07F0D.root
Begin processing the 1st record. Run 280330, Event 78776370, LumiSection 41 on stream 0 at 23-Jun-2026 11:38:45.044 CEST
Begin processing the 1001st record. Run 280330, Event 79340462, LumiSection 41 on stream 0 at 23-Jun-2026 11:39:02.810 CEST
Begin processing the 2001st record. Run 280330, Event 78472061, LumiSection 41 on stream 0 at 23-Jun-2026 11:39:10.308 CEST
Begin processing the 3001st record. Run 280330, Event 78882401, LumiSection 41 on stream 0 at 23-Jun-2026 11:39:17.122 CEST
Begin processing the 4001st record. Run 280330, Event 80561850, LumiSection 42 on stream 0 at 23-Jun-2026 11:39:23.544 CEST
23-Jun-2026 11:39:31 CEST  Closed file root://eospublic.cern.ch//eos/opendata/cms/Run2016G/JetHT/MINIAOD/UL2016_MiniAODv2-v2/270000/A0DBB4AC-8D70-BB44-B7B4-26BD38D07F0D.root

=============================================

MessageLogger Summary

 type     category        sev    module        subroutine        count    total
 ---- -------------------- -- ---------------- ----------------  -----    -----
    1 XrdAdaptor           -w file_open                              1        1
    2 fileAction           -s file_close                             1        1
    3 fileAction           -s file_open                              2        2

 type    category    Examples: run/evt        run/evt          run/evt
 ---- -------------------- ---------------- ---------------- ----------------
    1 XrdAdaptor           pre-events                        
    2 fileAction           PostGlobalEndRun                  
    3 fileAction           pre-events       pre-events       

Severity    # Occurrences   Total Occurrences
--------    -------------   -----------------
Warning                 1                   1
System                  3                   3

dropped waiting message count 0
wrote /work/outputs/exact_trigger_calibration_run2016g_jetht/event_features_nframe_scored.csv rows 5000
   N_events  mean_B_event_z  ...  mean_S_event_proxy           pseudo_region
0      2158       -0.788556  ...            1.285395        SR1_low_boundary
1        32        1.560930  ...            1.860942          SR2_medium_MET
2         8        3.201233  ...            1.479593            SR3_high_MET
3         1        3.765713  ...            2.302585  SR4_high_MET_high_jets
4       808        1.532836  ...            2.289007       SR5_high_boundary
5       111        2.527747  ...            2.426770    SR6_extreme_boundary
6       250       -1.241650  ...            0.394287   SR7_high_MET_fraction
7       155        1.568556  ...            2.407728   SR8_high_multiplicity

[8 rows x 10 columns]
Done: exact_trigger_calibration_run2016g_jetht
Outputs: /work/outputs/exact_trigger_calibration_run2016g_jetht
docker run --rm -v D:\Gamer File\My Work\The PhD\Extra\Nframe\nframe_cms_stage2_event_boundary\cloud_remote_nframe_package\cmssw_full_extraction:/work cmsopendata/cmssw_10_6_30-slc7_amd64_gcc700 bash -lc export SAMPLE_ID=exact_trigger_calibration_run2016g_jetht; export NFRAME_INPUT_FILES='root://eospublic.cern.ch//eos/opendata/cms/Run2016G/JetHT/MINIAOD/UL2016_MiniAODv2-v2/270000/A0DBB4AC-8D70-BB44-B7B4-26BD38D07F0D.root'; export NFRAME_INPUT_DIR=/data; export NFRAME_OUTPUT_DIR=/work/outputs/${SAMPLE_ID}; export NFRAME_TEST_MAXEVENTS=100; export NFRAME_MAXEVENTS_FULL=5000; bash /work/run_one_sample.sh
