Setting up CMSSW_10_6_30
WARNING: In non-interactive mode release checks e.g. deprecated releases, production architectures are disabled.
CMSSW should now be available.
This is a standalone image for CMSSW_10_6_30 slc7_amd64_gcc700.
>> Local Products Rules ..... started
>> Local Products Rules ..... done
>> Building CMSSW version CMSSW_10_6_30 ----
>> Entering Package NFrame/NFrameMiniAOD
>> Creating project symlinks
Entering library rule at src/NFrame/NFrameMiniAOD/plugins
>> Compiling edm plugin /code/CMSSW_10_6_30/src/NFrame/NFrameMiniAOD/plugins/NFrameMiniAODAnalyzer.cc 
>> Building edm plugin tmp/slc7_amd64_gcc700/src/NFrame/NFrameMiniAOD/plugins/NFrameNFrameMiniAODAuto/libNFrameNFrameMiniAODAuto.so
Leaving library rule at src/NFrame/NFrameMiniAOD/plugins
@@@@ Running edmWriteConfigs for NFrameNFrameMiniAODAuto
--- Registered EDM Plugin: NFrameNFrameMiniAODAuto
>> Leaving Package NFrame/NFrameMiniAOD
>> Package NFrame/NFrameMiniAOD built
>> Subsystem NFrame built
>> Subsystem BigProducts built
gmake[1]: Entering directory '/code/CMSSW_10_6_30'
>> Local Products Rules ..... started
>> Local Products Rules ..... done
>> Creating project symlinks
>> Done python_symlink
>> Compiling python modules cfipython/slc7_amd64_gcc700
>> Compiling python modules python
>> Compiling python modules src/NFrame/NFrameMiniAOD/python
>> All python modules compiled
@@@@ Refreshing Plugins:edmPluginRefresh
>> Plugins of all types refreshed.
>> Done generating edm plugin poisoned information
gmake[1]: Leaving directory '/code/CMSSW_10_6_30'
23-Jun-2026 11:49:01 CEST  Initiating request to open file root://eospublic.cern.ch//eos/opendata/cms/Run2016G/SingleMuon/MINIAOD/UL2016_MiniAODv2-v2/270000/29FD3CC1-C86D-004C-BF38-5E650AB6538C.root
%MSG-w XrdAdaptor:  file_open 23-Jun-2026 11:49:03 CEST pre-events
Data is served from cern.ch instead of original site eospublic
%MSG
23-Jun-2026 11:49:06 CEST  Successfully opened file root://eospublic.cern.ch//eos/opendata/cms/Run2016G/SingleMuon/MINIAOD/UL2016_MiniAODv2-v2/270000/29FD3CC1-C86D-004C-BF38-5E650AB6538C.root
Begin processing the 1st record. Run 279588, Event 1671288765, LumiSection 959 on stream 0 at 23-Jun-2026 11:49:11.152 CEST
23-Jun-2026 11:49:20 CEST  Closed file root://eospublic.cern.ch//eos/opendata/cms/Run2016G/SingleMuon/MINIAOD/UL2016_MiniAODv2-v2/270000/29FD3CC1-C86D-004C-BF38-5E650AB6538C.root

=============================================

MessageLogger Summary

 type     category        sev    module        subroutine        count    total
 ---- -------------------- -- ---------------- ----------------  -----    -----
    1 XrdAdaptor           -w file_open                              1        1
    2 fileAction           -s file_close                             1        1
    3 fileAction           -s file_open                              2        2

 type    category    Examples: run/evt        run/evt          run/evt
 ---- -------------------- ---------------- ---------------- ----------------
    1 XrdAdaptor           pre-events                        
    2 fileAction           PostGlobalEndRun                  
    3 fileAction           pre-events       pre-events       

Severity    # Occurrences   Total Occurrences
--------    -------------   -----------------
Warning                 1                   1
System                  3                   3

dropped waiting message count 0
wrote /work/outputs/exact_trigger_calibration_run2016g_singlemuon/event_features_test_nframe_scored.csv rows 100
23-Jun-2026 11:49:22 CEST  Initiating request to open file root://eospublic.cern.ch//eos/opendata/cms/Run2016G/SingleMuon/MINIAOD/UL2016_MiniAODv2-v2/270000/29FD3CC1-C86D-004C-BF38-5E650AB6538C.root
%MSG-w XrdAdaptor:  file_open 23-Jun-2026 11:49:25 CEST pre-events
Data is served from cern.ch instead of original site eospublic
%MSG
23-Jun-2026 11:49:28 CEST  Successfully opened file root://eospublic.cern.ch//eos/opendata/cms/Run2016G/SingleMuon/MINIAOD/UL2016_MiniAODv2-v2/270000/29FD3CC1-C86D-004C-BF38-5E650AB6538C.root
Begin processing the 1st record. Run 279588, Event 1671288765, LumiSection 959 on stream 0 at 23-Jun-2026 11:49:33.818 CEST
Begin processing the 1001st record. Run 279588, Event 1672240427, LumiSection 959 on stream 0 at 23-Jun-2026 11:49:55.437 CEST
Begin processing the 2001st record. Run 279588, Event 1672407764, LumiSection 959 on stream 0 at 23-Jun-2026 11:50:04.440 CEST
Begin processing the 3001st record. Run 279588, Event 1671700314, LumiSection 959 on stream 0 at 23-Jun-2026 11:50:13.795 CEST
Begin processing the 4001st record. Run 279588, Event 1681781748, LumiSection 965 on stream 0 at 23-Jun-2026 11:50:22.374 CEST
23-Jun-2026 11:50:29 CEST  Closed file root://eospublic.cern.ch//eos/opendata/cms/Run2016G/SingleMuon/MINIAOD/UL2016_MiniAODv2-v2/270000/29FD3CC1-C86D-004C-BF38-5E650AB6538C.root

=============================================

MessageLogger Summary

 type     category        sev    module        subroutine        count    total
 ---- -------------------- -- ---------------- ----------------  -----    -----
    1 XrdAdaptor           -w file_open                              1        1
    2 fileAction           -s file_close                             1        1
    3 fileAction           -s file_open                              2        2

 type    category    Examples: run/evt        run/evt          run/evt
 ---- -------------------- ---------------- ---------------- ----------------
    1 XrdAdaptor           pre-events                        
    2 fileAction           PostGlobalEndRun                  
    3 fileAction           pre-events       pre-events       

Severity    # Occurrences   Total Occurrences
--------    -------------   -----------------
Warning                 1                   1
System                  3                   3

dropped waiting message count 0
wrote /work/outputs/exact_trigger_calibration_run2016g_singlemuon/event_features_nframe_scored.csv rows 5000
   N_events  mean_B_event_z  ...  mean_S_event_proxy           pseudo_region
0      4697       -0.161729  ...            1.277275        SR1_low_boundary
1         8        3.364068  ...            1.910842          SR2_medium_MET
2         2        6.745527  ...            2.003667            SR3_high_MET
3         1        9.127118  ...            2.397895  SR4_high_MET_high_jets
4       635        2.082293  ...            1.981504       SR5_high_boundary
5       263        2.994870  ...            2.167484    SR6_extreme_boundary
6      2031       -0.359788  ...            1.065690   SR7_high_MET_fraction
7         6        4.574341  ...            2.492785   SR8_high_multiplicity

[8 rows x 10 columns]
Done: exact_trigger_calibration_run2016g_singlemuon
Outputs: /work/outputs/exact_trigger_calibration_run2016g_singlemuon
docker run --rm -v D:\Gamer File\My Work\The PhD\Extra\Nframe\nframe_cms_stage2_event_boundary\cloud_remote_nframe_package\cmssw_full_extraction:/work cmsopendata/cmssw_10_6_30-slc7_amd64_gcc700 bash -lc export SAMPLE_ID=exact_trigger_calibration_run2016g_singlemuon; export NFRAME_INPUT_FILES='root://eospublic.cern.ch//eos/opendata/cms/Run2016G/SingleMuon/MINIAOD/UL2016_MiniAODv2-v2/270000/29FD3CC1-C86D-004C-BF38-5E650AB6538C.root'; export NFRAME_INPUT_DIR=/data; export NFRAME_OUTPUT_DIR=/work/outputs/${SAMPLE_ID}; export NFRAME_TEST_MAXEVENTS=100; export NFRAME_MAXEVENTS_FULL=5000; bash /work/run_one_sample.sh
