Setting up CMSSW_10_6_30
WARNING: In non-interactive mode release checks e.g. deprecated releases, production architectures are disabled.
CMSSW should now be available.
This is a standalone image for CMSSW_10_6_30 slc7_amd64_gcc700.
>> Local Products Rules ..... started
>> Local Products Rules ..... done
>> Building CMSSW version CMSSW_10_6_30 ----
>> Entering Package NFrame/NFrameMiniAOD
>> Creating project symlinks
Entering library rule at src/NFrame/NFrameMiniAOD/plugins
>> Compiling edm plugin /code/CMSSW_10_6_30/src/NFrame/NFrameMiniAOD/plugins/NFrameMiniAODAnalyzer.cc 
>> Building edm plugin tmp/slc7_amd64_gcc700/src/NFrame/NFrameMiniAOD/plugins/NFrameNFrameMiniAODAuto/libNFrameNFrameMiniAODAuto.so
Leaving library rule at src/NFrame/NFrameMiniAOD/plugins
@@@@ Running edmWriteConfigs for NFrameNFrameMiniAODAuto
--- Registered EDM Plugin: NFrameNFrameMiniAODAuto
>> Leaving Package NFrame/NFrameMiniAOD
>> Package NFrame/NFrameMiniAOD built
>> Subsystem NFrame built
>> Subsystem BigProducts built
gmake[1]: Entering directory '/code/CMSSW_10_6_30'
>> Local Products Rules ..... started
>> Local Products Rules ..... done
>> Creating project symlinks
>> Done python_symlink
>> Compiling python modules cfipython/slc7_amd64_gcc700
>> Compiling python modules python
>> Compiling python modules src/NFrame/NFrameMiniAOD/python
>> All python modules compiled
@@@@ Refreshing Plugins:edmPluginRefresh
>> Plugins of all types refreshed.
>> Done generating edm plugin poisoned information
gmake[1]: Leaving directory '/code/CMSSW_10_6_30'
23-Jun-2026 11:43:56 CEST  Initiating request to open file root://eospublic.cern.ch//eos/opendata/cms/Run2016G/MET/MINIAOD/UL2016_MiniAODv2-v2/120000/FC06A990-CED6-AD49-8B25-2D1373C83B5B.root
%MSG-w XrdAdaptor:  file_open 23-Jun-2026 11:43:58 CEST pre-events
Data is served from cern.ch instead of original site eospublic
%MSG
23-Jun-2026 11:44:01 CEST  Successfully opened file root://eospublic.cern.ch//eos/opendata/cms/Run2016G/MET/MINIAOD/UL2016_MiniAODv2-v2/120000/FC06A990-CED6-AD49-8B25-2D1373C83B5B.root
Begin processing the 1st record. Run 279975, Event 65680892, LumiSection 93 on stream 0 at 23-Jun-2026 11:44:05.530 CEST
23-Jun-2026 11:44:43 CEST  Closed file root://eospublic.cern.ch//eos/opendata/cms/Run2016G/MET/MINIAOD/UL2016_MiniAODv2-v2/120000/FC06A990-CED6-AD49-8B25-2D1373C83B5B.root

=============================================

MessageLogger Summary

 type     category        sev    module        subroutine        count    total
 ---- -------------------- -- ---------------- ----------------  -----    -----
    1 XrdAdaptor           -w file_open                              1        1
    2 fileAction           -s file_close                             1        1
    3 fileAction           -s file_open                              2        2

 type    category    Examples: run/evt        run/evt          run/evt
 ---- -------------------- ---------------- ---------------- ----------------
    1 XrdAdaptor           pre-events                        
    2 fileAction           PostGlobalEndRun                  
    3 fileAction           pre-events       pre-events       

Severity    # Occurrences   Total Occurrences
--------    -------------   -----------------
Warning                 1                   1
System                  3                   3

dropped waiting message count 0
wrote /work/outputs/exact_trigger_calibration_run2016g_met/event_features_test_nframe_scored.csv rows 100
23-Jun-2026 11:44:45 CEST  Initiating request to open file root://eospublic.cern.ch//eos/opendata/cms/Run2016G/MET/MINIAOD/UL2016_MiniAODv2-v2/120000/FC06A990-CED6-AD49-8B25-2D1373C83B5B.root
%MSG-w XrdAdaptor:  file_open 23-Jun-2026 11:44:47 CEST pre-events
Data is served from cern.ch instead of original site eospublic
%MSG
23-Jun-2026 11:44:50 CEST  Successfully opened file root://eospublic.cern.ch//eos/opendata/cms/Run2016G/MET/MINIAOD/UL2016_MiniAODv2-v2/120000/FC06A990-CED6-AD49-8B25-2D1373C83B5B.root
Begin processing the 1st record. Run 279975, Event 65680892, LumiSection 93 on stream 0 at 23-Jun-2026 11:44:54.022 CEST
Begin processing the 1001st record. Run 279975, Event 65415458, LumiSection 93 on stream 0 at 23-Jun-2026 11:45:15.538 CEST
Begin processing the 2001st record. Run 279975, Event 67973187, LumiSection 94 on stream 0 at 23-Jun-2026 11:45:23.805 CEST
Begin processing the 3001st record. Run 279975, Event 68089923, LumiSection 94 on stream 0 at 23-Jun-2026 11:45:29.767 CEST
Begin processing the 4001st record. Run 279975, Event 69647524, LumiSection 95 on stream 0 at 23-Jun-2026 11:45:35.682 CEST
23-Jun-2026 11:45:41 CEST  Closed file root://eospublic.cern.ch//eos/opendata/cms/Run2016G/MET/MINIAOD/UL2016_MiniAODv2-v2/120000/FC06A990-CED6-AD49-8B25-2D1373C83B5B.root

=============================================

MessageLogger Summary

 type     category        sev    module        subroutine        count    total
 ---- -------------------- -- ---------------- ----------------  -----    -----
    1 XrdAdaptor           -w file_open                              1        1
    2 fileAction           -s file_close                             1        1
    3 fileAction           -s file_open                              2        2

 type    category    Examples: run/evt        run/evt          run/evt
 ---- -------------------- ---------------- ---------------- ----------------
    1 XrdAdaptor           pre-events                        
    2 fileAction           PostGlobalEndRun                  
    3 fileAction           pre-events       pre-events       

Severity    # Occurrences   Total Occurrences
--------    -------------   -----------------
Warning                 1                   1
System                  3                   3

dropped waiting message count 0
wrote /work/outputs/exact_trigger_calibration_run2016g_met/event_features_nframe_scored.csv rows 5000
   N_events  mean_B_event_z  ...  mean_S_event_proxy           pseudo_region
0      4028       -0.311287  ...            0.888324        SR1_low_boundary
1       325        0.926252  ...            1.331444          SR2_medium_MET
2        63        1.885818  ...            1.287390            SR3_high_MET
3         4        4.069725  ...            2.345653  SR4_high_MET_high_jets
4       738        1.828018  ...            1.993295       SR5_high_boundary
5       239        2.751673  ...            2.226435    SR6_extreme_boundary
6      2616       -0.514471  ...            0.576680   SR7_high_MET_fraction
7        16        3.607835  ...            2.513279   SR8_high_multiplicity

[8 rows x 10 columns]
Done: exact_trigger_calibration_run2016g_met
Outputs: /work/outputs/exact_trigger_calibration_run2016g_met
docker run --rm -v D:\Gamer File\My Work\The PhD\Extra\Nframe\nframe_cms_stage2_event_boundary\cloud_remote_nframe_package\cmssw_full_extraction:/work cmsopendata/cmssw_10_6_30-slc7_amd64_gcc700 bash -lc export SAMPLE_ID=exact_trigger_calibration_run2016g_met; export NFRAME_INPUT_FILES='root://eospublic.cern.ch//eos/opendata/cms/Run2016G/MET/MINIAOD/UL2016_MiniAODv2-v2/120000/FC06A990-CED6-AD49-8B25-2D1373C83B5B.root'; export NFRAME_INPUT_DIR=/data; export NFRAME_OUTPUT_DIR=/work/outputs/${SAMPLE_ID}; export NFRAME_TEST_MAXEVENTS=100; export NFRAME_MAXEVENTS_FULL=5000; bash /work/run_one_sample.sh
