Setting up CMSSW_10_6_30
WARNING: In non-interactive mode release checks e.g. deprecated releases, production architectures are disabled.
CMSSW should now be available.
This is a standalone image for CMSSW_10_6_30 slc7_amd64_gcc700.
>> Local Products Rules ..... started
>> Local Products Rules ..... done
>> Building CMSSW version CMSSW_10_6_30 ----
>> Entering Package NFrame/NFrameMiniAOD
>> Creating project symlinks
Entering library rule at src/NFrame/NFrameMiniAOD/plugins
>> Compiling edm plugin /code/CMSSW_10_6_30/src/NFrame/NFrameMiniAOD/plugins/NFrameMiniAODAnalyzer.cc 
>> Building edm plugin tmp/slc7_amd64_gcc700/src/NFrame/NFrameMiniAOD/plugins/NFrameNFrameMiniAODAuto/libNFrameNFrameMiniAODAuto.so
Leaving library rule at src/NFrame/NFrameMiniAOD/plugins
@@@@ Running edmWriteConfigs for NFrameNFrameMiniAODAuto
--- Registered EDM Plugin: NFrameNFrameMiniAODAuto
>> Leaving Package NFrame/NFrameMiniAOD
>> Package NFrame/NFrameMiniAOD built
>> Subsystem NFrame built
>> Subsystem BigProducts built
gmake[1]: Entering directory '/code/CMSSW_10_6_30'
>> Local Products Rules ..... started
>> Local Products Rules ..... done
>> Creating project symlinks
>> Done python_symlink
>> Compiling python modules cfipython/slc7_amd64_gcc700
>> Compiling python modules python
>> Compiling python modules src/NFrame/NFrameMiniAOD/python
>> All python modules compiled
@@@@ Refreshing Plugins:edmPluginRefresh
>> Plugins of all types refreshed.
>> Done generating edm plugin poisoned information
gmake[1]: Leaving directory '/code/CMSSW_10_6_30'
22-Jun-2026 13:20:08 CEST  Initiating request to open file root://eospublic.cern.ch//eos/opendata/cms/mc/RunIISummer20UL16MiniAODv2/ZJetsToNuNu_HT-200To400_TuneCP5_13TeV-madgraphMLM-pythia8/MINIAODSIM/106X_mcRun2_asymptotic_v17-v1/120000/4BD3E12E-8F00-8540-B3C6-A5C01CF8CE55.root
%MSG-w XrdAdaptor:  file_open 22-Jun-2026 13:20:10 CEST pre-events
Data is served from cern.ch instead of original site eospublic
%MSG
22-Jun-2026 13:20:13 CEST  Successfully opened file root://eospublic.cern.ch//eos/opendata/cms/mc/RunIISummer20UL16MiniAODv2/ZJetsToNuNu_HT-200To400_TuneCP5_13TeV-madgraphMLM-pythia8/MINIAODSIM/106X_mcRun2_asymptotic_v17-v1/120000/4BD3E12E-8F00-8540-B3C6-A5C01CF8CE55.root
Begin processing the 1st record. Run 1, Event 50154622, LumiSection 5368 on stream 0 at 22-Jun-2026 13:20:17.589 CEST
22-Jun-2026 13:20:23 CEST  Closed file root://eospublic.cern.ch//eos/opendata/cms/mc/RunIISummer20UL16MiniAODv2/ZJetsToNuNu_HT-200To400_TuneCP5_13TeV-madgraphMLM-pythia8/MINIAODSIM/106X_mcRun2_asymptotic_v17-v1/120000/4BD3E12E-8F00-8540-B3C6-A5C01CF8CE55.root

=============================================

MessageLogger Summary

 type     category        sev    module        subroutine        count    total
 ---- -------------------- -- ---------------- ----------------  -----    -----
    1 XrdAdaptor           -w file_open                              1        1
    2 fileAction           -s file_close                             1        1
    3 fileAction           -s file_open                              2        2

 type    category    Examples: run/evt        run/evt          run/evt
 ---- -------------------- ---------------- ---------------- ----------------
    1 XrdAdaptor           pre-events                        
    2 fileAction           PostGlobalEndRun                  
    3 fileAction           pre-events       pre-events       

Severity    # Occurrences   Total Occurrences
--------    -------------   -----------------
Warning                 1                   1
System                  3                   3

dropped waiting message count 0
wrote /work/outputs/remote_opq_sm_74897_znunu/event_features_test_nframe_scored.csv rows 100
22-Jun-2026 13:20:24 CEST  Initiating request to open file root://eospublic.cern.ch//eos/opendata/cms/mc/RunIISummer20UL16MiniAODv2/ZJetsToNuNu_HT-200To400_TuneCP5_13TeV-madgraphMLM-pythia8/MINIAODSIM/106X_mcRun2_asymptotic_v17-v1/120000/4BD3E12E-8F00-8540-B3C6-A5C01CF8CE55.root
%MSG-w XrdAdaptor:  file_open 22-Jun-2026 13:20:27 CEST pre-events
Data is served from cern.ch instead of original site eospublic
%MSG
22-Jun-2026 13:20:29 CEST  Successfully opened file root://eospublic.cern.ch//eos/opendata/cms/mc/RunIISummer20UL16MiniAODv2/ZJetsToNuNu_HT-200To400_TuneCP5_13TeV-madgraphMLM-pythia8/MINIAODSIM/106X_mcRun2_asymptotic_v17-v1/120000/4BD3E12E-8F00-8540-B3C6-A5C01CF8CE55.root
Begin processing the 1st record. Run 1, Event 50154622, LumiSection 5368 on stream 0 at 22-Jun-2026 13:20:32.514 CEST
Begin processing the 1001st record. Run 1, Event 50163730, LumiSection 5368 on stream 0 at 22-Jun-2026 13:20:45.833 CEST
Begin processing the 2001st record. Run 1, Event 55210053, LumiSection 5908 on stream 0 at 22-Jun-2026 13:20:50.159 CEST
Begin processing the 3001st record. Run 1, Event 57920526, LumiSection 6199 on stream 0 at 22-Jun-2026 13:20:54.438 CEST
Begin processing the 4001st record. Run 1, Event 58518621, LumiSection 6263 on stream 0 at 22-Jun-2026 13:20:58.529 CEST
22-Jun-2026 13:21:02 CEST  Closed file root://eospublic.cern.ch//eos/opendata/cms/mc/RunIISummer20UL16MiniAODv2/ZJetsToNuNu_HT-200To400_TuneCP5_13TeV-madgraphMLM-pythia8/MINIAODSIM/106X_mcRun2_asymptotic_v17-v1/120000/4BD3E12E-8F00-8540-B3C6-A5C01CF8CE55.root

=============================================

MessageLogger Summary

 type     category        sev    module        subroutine        count    total
 ---- -------------------- -- ---------------- ----------------  -----    -----
    1 XrdAdaptor           -w file_open                              1        1
    2 fileAction           -s file_close                             1        1
    3 fileAction           -s file_open                              2        2

 type    category    Examples: run/evt        run/evt          run/evt
 ---- -------------------- ---------------- ---------------- ----------------
    1 XrdAdaptor           pre-events                        
    2 fileAction           PostGlobalEndRun                  
    3 fileAction           pre-events       pre-events       

Severity    # Occurrences   Total Occurrences
--------    -------------   -----------------
Warning                 1                   1
System                  3                   3

dropped waiting message count 0
wrote /work/outputs/remote_opq_sm_74897_znunu/event_features_nframe_scored.csv rows 5000
   N_events  mean_B_event_z  ...  mean_S_event_proxy           pseudo_region
0      3286       -0.308842  ...            1.247692        SR1_low_boundary
1      1006        0.273984  ...            1.165754          SR2_medium_MET
2       282        0.881470  ...            1.049075            SR3_high_MET
3         0             NaN  ...                 NaN  SR4_high_MET_high_jets
4       759        1.635581  ...            1.704872       SR5_high_boundary
5       159        2.551390  ...            1.922684    SR6_extreme_boundary
6      1744       -0.088272  ...            1.045836   SR7_high_MET_fraction
7         0             NaN  ...                 NaN   SR8_high_multiplicity

[8 rows x 10 columns]
Done: remote_opq_sm_74897_znunu
Outputs: /work/outputs/remote_opq_sm_74897_znunu
docker run --rm -v D:\Gamer File\My Work\The PhD\Extra\Nframe\nframe_cms_stage2_event_boundary\cloud_remote_nframe_package\cmssw_full_extraction:/work cmsopendata/cmssw_10_6_30-slc7_amd64_gcc700 bash -lc export SAMPLE_ID=remote_opq_sm_74897_znunu; export NFRAME_INPUT_FILES='root://eospublic.cern.ch//eos/opendata/cms/mc/RunIISummer20UL16MiniAODv2/ZJetsToNuNu_HT-200To400_TuneCP5_13TeV-madgraphMLM-pythia8/MINIAODSIM/106X_mcRun2_asymptotic_v17-v1/120000/4BD3E12E-8F00-8540-B3C6-A5C01CF8CE55.root'; export NFRAME_INPUT_DIR=/data; export NFRAME_OUTPUT_DIR=/work/outputs/${SAMPLE_ID}; export NFRAME_TEST_MAXEVENTS=100; export NFRAME_MAXEVENTS_FULL=5000; bash /work/run_one_sample.sh
