Setting up CMSSW_10_6_30
WARNING: In non-interactive mode release checks e.g. deprecated releases, production architectures are disabled.
CMSSW should now be available.
This is a standalone image for CMSSW_10_6_30 slc7_amd64_gcc700.
>> Local Products Rules ..... started
>> Local Products Rules ..... done
>> Building CMSSW version CMSSW_10_6_30 ----
>> Entering Package NFrame/NFrameMiniAOD
>> Creating project symlinks
Entering library rule at src/NFrame/NFrameMiniAOD/plugins
>> Compiling edm plugin /code/CMSSW_10_6_30/src/NFrame/NFrameMiniAOD/plugins/NFrameMiniAODAnalyzer.cc 
>> Building edm plugin tmp/slc7_amd64_gcc700/src/NFrame/NFrameMiniAOD/plugins/NFrameNFrameMiniAODAuto/libNFrameNFrameMiniAODAuto.so
Leaving library rule at src/NFrame/NFrameMiniAOD/plugins
@@@@ Running edmWriteConfigs for NFrameNFrameMiniAODAuto
--- Registered EDM Plugin: NFrameNFrameMiniAODAuto
>> Leaving Package NFrame/NFrameMiniAOD
>> Package NFrame/NFrameMiniAOD built
>> Subsystem NFrame built
>> Subsystem BigProducts built
gmake[1]: Entering directory '/code/CMSSW_10_6_30'
>> Local Products Rules ..... started
>> Local Products Rules ..... done
>> Creating project symlinks
>> Done python_symlink
>> Compiling python modules cfipython/slc7_amd64_gcc700
>> Compiling python modules python
>> Compiling python modules src/NFrame/NFrameMiniAOD/python
>> All python modules compiled
@@@@ Refreshing Plugins:edmPluginRefresh
>> Plugins of all types refreshed.
>> Done generating edm plugin poisoned information
gmake[1]: Leaving directory '/code/CMSSW_10_6_30'
22-Jun-2026 11:12:43 CEST  Initiating request to open file root://eospublic.cern.ch//eos/opendata/cms/mc/RunIISummer20UL16MiniAODv2/ZJetsToNuNu_Zpt-100to200_BPSFilter_TuneCP5_13TeV-madgraphMLM-pythia8/MINIAODSIM/106X_mcRun2_asymptotic_v17-v1/230000/0A23420A-05DE-8842-9C49-665B1C8A3B01.root
%MSG-w XrdAdaptor:  file_open 22-Jun-2026 11:12:45 CEST pre-events
Data is served from cern.ch instead of original site eospublic
%MSG
22-Jun-2026 11:12:48 CEST  Successfully opened file root://eospublic.cern.ch//eos/opendata/cms/mc/RunIISummer20UL16MiniAODv2/ZJetsToNuNu_Zpt-100to200_BPSFilter_TuneCP5_13TeV-madgraphMLM-pythia8/MINIAODSIM/106X_mcRun2_asymptotic_v17-v1/230000/0A23420A-05DE-8842-9C49-665B1C8A3B01.root
Begin processing the 1st record. Run 1, Event 1022782, LumiSection 1352 on stream 0 at 22-Jun-2026 11:12:50.963 CEST
22-Jun-2026 11:12:54 CEST  Closed file root://eospublic.cern.ch//eos/opendata/cms/mc/RunIISummer20UL16MiniAODv2/ZJetsToNuNu_Zpt-100to200_BPSFilter_TuneCP5_13TeV-madgraphMLM-pythia8/MINIAODSIM/106X_mcRun2_asymptotic_v17-v1/230000/0A23420A-05DE-8842-9C49-665B1C8A3B01.root

=============================================

MessageLogger Summary

 type     category        sev    module        subroutine        count    total
 ---- -------------------- -- ---------------- ----------------  -----    -----
    1 XrdAdaptor           -w file_open                              1        1
    2 fileAction           -s file_close                             1        1
    3 fileAction           -s file_open                              2        2

 type    category    Examples: run/evt        run/evt          run/evt
 ---- -------------------- ---------------- ---------------- ----------------
    1 XrdAdaptor           pre-events                        
    2 fileAction           PostGlobalEndRun                  
    3 fileAction           pre-events       pre-events       

Severity    # Occurrences   Total Occurrences
--------    -------------   -----------------
Warning                 1                   1
System                  3                   3

dropped waiting message count 0
wrote /work/outputs/remote_opq_sm_74907_znunu/event_features_test_nframe_scored.csv rows 100
22-Jun-2026 11:12:56 CEST  Initiating request to open file root://eospublic.cern.ch//eos/opendata/cms/mc/RunIISummer20UL16MiniAODv2/ZJetsToNuNu_Zpt-100to200_BPSFilter_TuneCP5_13TeV-madgraphMLM-pythia8/MINIAODSIM/106X_mcRun2_asymptotic_v17-v1/230000/0A23420A-05DE-8842-9C49-665B1C8A3B01.root
%MSG-w XrdAdaptor:  file_open 22-Jun-2026 11:12:58 CEST pre-events
Data is served from cern.ch instead of original site eospublic
%MSG
22-Jun-2026 11:13:01 CEST  Successfully opened file root://eospublic.cern.ch//eos/opendata/cms/mc/RunIISummer20UL16MiniAODv2/ZJetsToNuNu_Zpt-100to200_BPSFilter_TuneCP5_13TeV-madgraphMLM-pythia8/MINIAODSIM/106X_mcRun2_asymptotic_v17-v1/230000/0A23420A-05DE-8842-9C49-665B1C8A3B01.root
Begin processing the 1st record. Run 1, Event 1022782, LumiSection 1352 on stream 0 at 22-Jun-2026 11:13:10.117 CEST
22-Jun-2026 11:13:31 CEST  Closed file root://eospublic.cern.ch//eos/opendata/cms/mc/RunIISummer20UL16MiniAODv2/ZJetsToNuNu_Zpt-100to200_BPSFilter_TuneCP5_13TeV-madgraphMLM-pythia8/MINIAODSIM/106X_mcRun2_asymptotic_v17-v1/230000/0A23420A-05DE-8842-9C49-665B1C8A3B01.root

=============================================

MessageLogger Summary

 type     category        sev    module        subroutine        count    total
 ---- -------------------- -- ---------------- ----------------  -----    -----
    1 XrdAdaptor           -w file_open                              1        1
    2 fileAction           -s file_close                             1        1
    3 fileAction           -s file_open                              2        2

 type    category    Examples: run/evt        run/evt          run/evt
 ---- -------------------- ---------------- ---------------- ----------------
    1 XrdAdaptor           pre-events                        
    2 fileAction           PostGlobalEndRun                  
    3 fileAction           pre-events       pre-events       

Severity    # Occurrences   Total Occurrences
--------    -------------   -----------------
Warning                 1                   1
System                  3                   3

dropped waiting message count 0
wrote /work/outputs/remote_opq_sm_74907_znunu/event_features_nframe_scored.csv rows 560
   N_events  mean_B_event_z  ...  mean_S_event_proxy           pseudo_region
0       379       -0.308687  ...            1.019298        SR1_low_boundary
1       162        0.576056  ...            1.179566          SR2_medium_MET
2         2        1.805525  ...            1.242453            SR3_high_MET
3         0             NaN  ...                 NaN  SR4_high_MET_high_jets
4        83        1.770892  ...            1.708929       SR5_high_boundary
5        24        2.697390  ...            1.902318    SR6_extreme_boundary
6       422       -0.257734  ...            0.962210   SR7_high_MET_fraction
7         0             NaN  ...                 NaN   SR8_high_multiplicity

[8 rows x 10 columns]
Done: remote_opq_sm_74907_znunu
Outputs: /work/outputs/remote_opq_sm_74907_znunu
docker run --rm -v D:\Gamer File\My Work\The PhD\Extra\Nframe\nframe_cms_stage2_event_boundary\cloud_remote_nframe_package\cmssw_full_extraction:/work cmsopendata/cmssw_10_6_30-slc7_amd64_gcc700 bash -lc export SAMPLE_ID=remote_opq_sm_74907_znunu; export NFRAME_INPUT_FILES='root://eospublic.cern.ch//eos/opendata/cms/mc/RunIISummer20UL16MiniAODv2/ZJetsToNuNu_Zpt-100to200_BPSFilter_TuneCP5_13TeV-madgraphMLM-pythia8/MINIAODSIM/106X_mcRun2_asymptotic_v17-v1/230000/0A23420A-05DE-8842-9C49-665B1C8A3B01.root'; export NFRAME_INPUT_DIR=/data; export NFRAME_OUTPUT_DIR=/work/outputs/${SAMPLE_ID}; export NFRAME_TEST_MAXEVENTS=100; export NFRAME_MAXEVENTS_FULL=5000; bash /work/run_one_sample.sh
