Setting up CMSSW_10_6_30
WARNING: In non-interactive mode release checks e.g. deprecated releases, production architectures are disabled.
CMSSW should now be available.
This is a standalone image for CMSSW_10_6_30 slc7_amd64_gcc700.
>> Local Products Rules ..... started
>> Local Products Rules ..... done
>> Building CMSSW version CMSSW_10_6_30 ----
>> Entering Package NFrame/NFrameMiniAOD
>> Creating project symlinks
Entering library rule at src/NFrame/NFrameMiniAOD/plugins
>> Compiling edm plugin /code/CMSSW_10_6_30/src/NFrame/NFrameMiniAOD/plugins/NFrameMiniAODAnalyzer.cc 
>> Building edm plugin tmp/slc7_amd64_gcc700/src/NFrame/NFrameMiniAOD/plugins/NFrameNFrameMiniAODAuto/libNFrameNFrameMiniAODAuto.so
Leaving library rule at src/NFrame/NFrameMiniAOD/plugins
@@@@ Running edmWriteConfigs for NFrameNFrameMiniAODAuto
--- Registered EDM Plugin: NFrameNFrameMiniAODAuto
>> Leaving Package NFrame/NFrameMiniAOD
>> Package NFrame/NFrameMiniAOD built
>> Subsystem NFrame built
>> Subsystem BigProducts built
gmake[1]: Entering directory '/code/CMSSW_10_6_30'
>> Local Products Rules ..... started
>> Local Products Rules ..... done
>> Creating project symlinks
>> Done python_symlink
>> Compiling python modules cfipython/slc7_amd64_gcc700
>> Compiling python modules python
>> Compiling python modules src/NFrame/NFrameMiniAOD/python
>> All python modules compiled
@@@@ Refreshing Plugins:edmPluginRefresh
>> Plugins of all types refreshed.
>> Done generating edm plugin poisoned information
gmake[1]: Leaving directory '/code/CMSSW_10_6_30'
22-Jun-2026 11:14:40 CEST  Initiating request to open file root://eospublic.cern.ch//eos/opendata/cms/mc/RunIISummer20UL16MiniAODv2/QCD_HT300to500_TuneCP5_PSWeights_13TeV-madgraphMLM-pythia8/MINIAODSIM/106X_mcRun2_asymptotic_v17-v1/2540000/A2F5CEF6-CAC8-524B-A9DC-5406907FEF03.root
%MSG-w XrdAdaptor:  file_open 22-Jun-2026 11:14:42 CEST pre-events
Data is served from cern.ch instead of original site eospublic
%MSG
22-Jun-2026 11:14:45 CEST  Successfully opened file root://eospublic.cern.ch//eos/opendata/cms/mc/RunIISummer20UL16MiniAODv2/QCD_HT300to500_TuneCP5_PSWeights_13TeV-madgraphMLM-pythia8/MINIAODSIM/106X_mcRun2_asymptotic_v17-v1/2540000/A2F5CEF6-CAC8-524B-A9DC-5406907FEF03.root
Begin processing the 1st record. Run 1, Event 193843003, LumiSection 195802 on stream 0 at 22-Jun-2026 11:14:54.359 CEST
22-Jun-2026 11:16:00 CEST  Closed file root://eospublic.cern.ch//eos/opendata/cms/mc/RunIISummer20UL16MiniAODv2/QCD_HT300to500_TuneCP5_PSWeights_13TeV-madgraphMLM-pythia8/MINIAODSIM/106X_mcRun2_asymptotic_v17-v1/2540000/A2F5CEF6-CAC8-524B-A9DC-5406907FEF03.root

=============================================

MessageLogger Summary

 type     category        sev    module        subroutine        count    total
 ---- -------------------- -- ---------------- ----------------  -----    -----
    1 XrdAdaptor           -w file_open                              1        1
    2 fileAction           -s file_close                             1        1
    3 fileAction           -s file_open                              2        2

 type    category    Examples: run/evt        run/evt          run/evt
 ---- -------------------- ---------------- ---------------- ----------------
    1 XrdAdaptor           pre-events                        
    2 fileAction           PostGlobalEndRun                  
    3 fileAction           pre-events       pre-events       

Severity    # Occurrences   Total Occurrences
--------    -------------   -----------------
Warning                 1                   1
System                  3                   3

dropped waiting message count 0
wrote /work/outputs/remote_opq_sm_63118_qcd/event_features_test_nframe_scored.csv rows 100
22-Jun-2026 11:16:01 CEST  Initiating request to open file root://eospublic.cern.ch//eos/opendata/cms/mc/RunIISummer20UL16MiniAODv2/QCD_HT300to500_TuneCP5_PSWeights_13TeV-madgraphMLM-pythia8/MINIAODSIM/106X_mcRun2_asymptotic_v17-v1/2540000/A2F5CEF6-CAC8-524B-A9DC-5406907FEF03.root
%MSG-w XrdAdaptor:  file_open 22-Jun-2026 11:16:04 CEST pre-events
Data is served from cern.ch instead of original site eospublic
%MSG
22-Jun-2026 11:16:06 CEST  Successfully opened file root://eospublic.cern.ch//eos/opendata/cms/mc/RunIISummer20UL16MiniAODv2/QCD_HT300to500_TuneCP5_PSWeights_13TeV-madgraphMLM-pythia8/MINIAODSIM/106X_mcRun2_asymptotic_v17-v1/2540000/A2F5CEF6-CAC8-524B-A9DC-5406907FEF03.root
Begin processing the 1st record. Run 1, Event 193843003, LumiSection 195802 on stream 0 at 22-Jun-2026 11:16:33.745 CEST
Begin processing the 1001st record. Run 1, Event 193852639, LumiSection 195811 on stream 0 at 22-Jun-2026 11:18:57.478 CEST
Begin processing the 2001st record. Run 1, Event 195792993, LumiSection 197771 on stream 0 at 22-Jun-2026 11:19:31.575 CEST
Begin processing the 3001st record. Run 1, Event 317550955, LumiSection 320759 on stream 0 at 22-Jun-2026 11:19:49.799 CEST
Begin processing the 4001st record. Run 1, Event 321388020, LumiSection 324635 on stream 0 at 22-Jun-2026 11:20:00.178 CEST
Begin processing the 5001st record. Run 1, Event 195797510, LumiSection 197776 on stream 0 at 22-Jun-2026 11:20:08.807 CEST
Begin processing the 6001st record. Run 1, Event 1531190, LumiSection 1547 on stream 0 at 22-Jun-2026 11:20:16.141 CEST
Begin processing the 7001st record. Run 1, Event 194205125, LumiSection 196167 on stream 0 at 22-Jun-2026 11:20:23.024 CEST
Begin processing the 8001st record. Run 1, Event 64250445, LumiSection 64900 on stream 0 at 22-Jun-2026 11:20:30.759 CEST
Begin processing the 9001st record. Run 1, Event 5523504, LumiSection 5580 on stream 0 at 22-Jun-2026 11:20:38.982 CEST
Begin processing the 10001st record. Run 1, Event 192104002, LumiSection 194045 on stream 0 at 22-Jun-2026 11:20:54.036 CEST
Begin processing the 11001st record. Run 1, Event 193946216, LumiSection 195906 on stream 0 at 22-Jun-2026 11:21:03.188 CEST
Begin processing the 12001st record. Run 1, Event 194215625, LumiSection 196178 on stream 0 at 22-Jun-2026 11:21:14.974 CEST
Begin processing the 13001st record. Run 1, Event 193964230, LumiSection 195924 on stream 0 at 22-Jun-2026 11:21:25.953 CEST
Begin processing the 14001st record. Run 1, Event 3517679, LumiSection 3554 on stream 0 at 22-Jun-2026 11:21:32.964 CEST
22-Jun-2026 11:21:37 CEST  Closed file root://eospublic.cern.ch//eos/opendata/cms/mc/RunIISummer20UL16MiniAODv2/QCD_HT300to500_TuneCP5_PSWeights_13TeV-madgraphMLM-pythia8/MINIAODSIM/106X_mcRun2_asymptotic_v17-v1/2540000/A2F5CEF6-CAC8-524B-A9DC-5406907FEF03.root

=============================================

MessageLogger Summary

 type     category        sev    module        subroutine        count    total
 ---- -------------------- -- ---------------- ----------------  -----    -----
    1 XrdAdaptor           -w file_open                              1        1
    2 fileAction           -s file_close                             1        1
    3 fileAction           -s file_open                              2        2

 type    category    Examples: run/evt        run/evt          run/evt
 ---- -------------------- ---------------- ---------------- ----------------
    1 XrdAdaptor           pre-events                        
    2 fileAction           PostGlobalEndRun                  
    3 fileAction           pre-events       pre-events       

Severity    # Occurrences   Total Occurrences
--------    -------------   -----------------
Warning                 1                   1
System                  3                   3

dropped waiting message count 0
wrote /work/outputs/remote_opq_sm_63118_qcd/event_features_nframe_scored.csv rows 15000
   N_events  mean_B_event_z  ...  mean_S_event_proxy           pseudo_region
0     11122       -0.329553  ...            1.341030        SR1_low_boundary
1         2        2.922978  ...            1.609438          SR2_medium_MET
2         0             NaN  ...                 NaN            SR3_high_MET
3         0             NaN  ...                 NaN  SR4_high_MET_high_jets
4      2267        1.628768  ...            1.899793       SR5_high_boundary
5       454        2.555518  ...            2.082654    SR6_extreme_boundary
6       116       -0.571714  ...            0.491332   SR7_high_MET_fraction
7         6        2.984518  ...            2.276072   SR8_high_multiplicity

[8 rows x 10 columns]
Done: remote_opq_sm_63118_qcd
Outputs: /work/outputs/remote_opq_sm_63118_qcd
docker run --rm -v D:\Gamer File\My Work\The PhD\Extra\Nframe\nframe_cms_stage2_event_boundary\cloud_remote_nframe_package\cmssw_full_extraction:/work cmsopendata/cmssw_10_6_30-slc7_amd64_gcc700 bash -lc export SAMPLE_ID=remote_opq_sm_63118_qcd; export NFRAME_INPUT_FILES='root://eospublic.cern.ch//eos/opendata/cms/mc/RunIISummer20UL16MiniAODv2/QCD_HT300to500_TuneCP5_PSWeights_13TeV-madgraphMLM-pythia8/MINIAODSIM/106X_mcRun2_asymptotic_v17-v1/2540000/A2F5CEF6-CAC8-524B-A9DC-5406907FEF03.root,root://eospublic.cern.ch//eos/opendata/cms/mc/RunIISummer20UL16MiniAODv2/QCD_HT300to500_TuneCP5_PSWeights_13TeV-madgraphMLM-pythia8/MINIAODSIM/106X_mcRun2_asymptotic_v17-v1/80000/5085F2E8-3587-994F-9404-61D5D55885EF.root,root://eospublic.cern.ch//eos/opendata/cms/mc/RunIISummer20UL16MiniAODv2/QCD_HT300to500_TuneCP5_PSWeights_13TeV-madgraphMLM-pythia8/MINIAODSIM/106X_mcRun2_asymptotic_v17-v1/80000/4E5AEE4D-65A1-6746-B2A8-3D38744BAFA7.root'; export NFRAME_INPUT_DIR=/data; export NFRAME_OUTPUT_DIR=/work/outputs/${SAMPLE_ID}; export NFRAME_TEST_MAXEVENTS=100; export NFRAME_MAXEVENTS_FULL=15000; bash /work/run_one_sample.sh
