Setting up CMSSW_10_6_30
WARNING: In non-interactive mode release checks e.g. deprecated releases, production architectures are disabled.
CMSSW should now be available.
This is a standalone image for CMSSW_10_6_30 slc7_amd64_gcc700.
>> Local Products Rules ..... started
>> Local Products Rules ..... done
>> Building CMSSW version CMSSW_10_6_30 ----
>> Entering Package NFrame/NFrameMiniAOD
>> Creating project symlinks
Entering library rule at src/NFrame/NFrameMiniAOD/plugins
>> Compiling edm plugin /code/CMSSW_10_6_30/src/NFrame/NFrameMiniAOD/plugins/NFrameMiniAODAnalyzer.cc 
>> Building edm plugin tmp/slc7_amd64_gcc700/src/NFrame/NFrameMiniAOD/plugins/NFrameNFrameMiniAODAuto/libNFrameNFrameMiniAODAuto.so
Leaving library rule at src/NFrame/NFrameMiniAOD/plugins
@@@@ Running edmWriteConfigs for NFrameNFrameMiniAODAuto
--- Registered EDM Plugin: NFrameNFrameMiniAODAuto
>> Leaving Package NFrame/NFrameMiniAOD
>> Package NFrame/NFrameMiniAOD built
>> Subsystem NFrame built
>> Subsystem BigProducts built
gmake[1]: Entering directory '/code/CMSSW_10_6_30'
>> Local Products Rules ..... started
>> Local Products Rules ..... done
>> Creating project symlinks
>> Done python_symlink
>> Compiling python modules cfipython/slc7_amd64_gcc700
>> Compiling python modules python
>> Compiling python modules src/NFrame/NFrameMiniAOD/python
>> All python modules compiled
@@@@ Refreshing Plugins:edmPluginRefresh
>> Plugins of all types refreshed.
>> Done generating edm plugin poisoned information
gmake[1]: Leaving directory '/code/CMSSW_10_6_30'
22-Jun-2026 15:40:10 CEST  Initiating request to open file root://eospublic.cern.ch//eos/opendata/cms/mc/RunIISummer20UL16MiniAODv2/TTWJetsToLNu_TuneCP5_13TeV-amcatnloFXFX-madspin-pythia8/MINIAODSIM/106X_mcRun2_asymptotic_v17-v1/120000/25FA4D2D-50C4-514A-96B6-3E1CF8E26C1F.root
%MSG-w XrdAdaptor:  file_open 22-Jun-2026 15:40:12 CEST pre-events
Data is served from cern.ch instead of original site eospublic
%MSG
22-Jun-2026 15:40:15 CEST  Successfully opened file root://eospublic.cern.ch//eos/opendata/cms/mc/RunIISummer20UL16MiniAODv2/TTWJetsToLNu_TuneCP5_13TeV-amcatnloFXFX-madspin-pythia8/MINIAODSIM/106X_mcRun2_asymptotic_v17-v1/120000/25FA4D2D-50C4-514A-96B6-3E1CF8E26C1F.root
Begin processing the 1st record. Run 1, Event 3548301, LumiSection 2194 on stream 0 at 22-Jun-2026 15:40:24.130 CEST
22-Jun-2026 15:40:47 CEST  Closed file root://eospublic.cern.ch//eos/opendata/cms/mc/RunIISummer20UL16MiniAODv2/TTWJetsToLNu_TuneCP5_13TeV-amcatnloFXFX-madspin-pythia8/MINIAODSIM/106X_mcRun2_asymptotic_v17-v1/120000/25FA4D2D-50C4-514A-96B6-3E1CF8E26C1F.root

=============================================

MessageLogger Summary

 type     category        sev    module        subroutine        count    total
 ---- -------------------- -- ---------------- ----------------  -----    -----
    1 XrdAdaptor           -w file_open                              1        1
    2 fileAction           -s file_close                             1        1
    3 fileAction           -s file_open                              2        2

 type    category    Examples: run/evt        run/evt          run/evt
 ---- -------------------- ---------------- ---------------- ----------------
    1 XrdAdaptor           pre-events                        
    2 fileAction           PostGlobalEndRun                  
    3 fileAction           pre-events       pre-events       

Severity    # Occurrences   Total Occurrences
--------    -------------   -----------------
Warning                 1                   1
System                  3                   3

dropped waiting message count 0
wrote /work/outputs/remote_opq_sm_68072_ttassoc/event_features_test_nframe_scored.csv rows 100
22-Jun-2026 15:40:49 CEST  Initiating request to open file root://eospublic.cern.ch//eos/opendata/cms/mc/RunIISummer20UL16MiniAODv2/TTWJetsToLNu_TuneCP5_13TeV-amcatnloFXFX-madspin-pythia8/MINIAODSIM/106X_mcRun2_asymptotic_v17-v1/120000/25FA4D2D-50C4-514A-96B6-3E1CF8E26C1F.root
%MSG-w XrdAdaptor:  file_open 22-Jun-2026 15:40:51 CEST pre-events
Data is served from cern.ch instead of original site eospublic
%MSG
22-Jun-2026 15:40:54 CEST  Successfully opened file root://eospublic.cern.ch//eos/opendata/cms/mc/RunIISummer20UL16MiniAODv2/TTWJetsToLNu_TuneCP5_13TeV-amcatnloFXFX-madspin-pythia8/MINIAODSIM/106X_mcRun2_asymptotic_v17-v1/120000/25FA4D2D-50C4-514A-96B6-3E1CF8E26C1F.root
Begin processing the 1st record. Run 1, Event 3548301, LumiSection 2194 on stream 0 at 22-Jun-2026 15:41:03.505 CEST
Begin processing the 1001st record. Run 1, Event 3549794, LumiSection 2194 on stream 0 at 22-Jun-2026 15:41:51.953 CEST
Begin processing the 2001st record. Run 1, Event 3904059, LumiSection 2413 on stream 0 at 22-Jun-2026 15:42:08.852 CEST
Begin processing the 3001st record. Run 1, Event 3949320, LumiSection 2441 on stream 0 at 22-Jun-2026 15:42:18.502 CEST
Begin processing the 4001st record. Run 1, Event 4193500, LumiSection 2592 on stream 0 at 22-Jun-2026 15:42:23.242 CEST
22-Jun-2026 15:42:27 CEST  Closed file root://eospublic.cern.ch//eos/opendata/cms/mc/RunIISummer20UL16MiniAODv2/TTWJetsToLNu_TuneCP5_13TeV-amcatnloFXFX-madspin-pythia8/MINIAODSIM/106X_mcRun2_asymptotic_v17-v1/120000/25FA4D2D-50C4-514A-96B6-3E1CF8E26C1F.root

=============================================

MessageLogger Summary

 type     category        sev    module        subroutine        count    total
 ---- -------------------- -- ---------------- ----------------  -----    -----
    1 XrdAdaptor           -w file_open                              1        1
    2 fileAction           -s file_close                             1        1
    3 fileAction           -s file_open                              2        2

 type    category    Examples: run/evt        run/evt          run/evt
 ---- -------------------- ---------------- ---------------- ----------------
    1 XrdAdaptor           pre-events                        
    2 fileAction           PostGlobalEndRun                  
    3 fileAction           pre-events       pre-events       

Severity    # Occurrences   Total Occurrences
--------    -------------   -----------------
Warning                 1                   1
System                  3                   3

dropped waiting message count 0
wrote /work/outputs/remote_opq_sm_68072_ttassoc/event_features_nframe_scored.csv rows 5000
   N_events  mean_B_event_z  ...  mean_S_event_proxy           pseudo_region
0       643       -1.253577  ...            1.730450        SR1_low_boundary
1       683        0.579331  ...            2.211674          SR2_medium_MET
2       201        1.548248  ...            2.254133            SR3_high_MET
3        87        2.190141  ...            2.423792  SR4_high_MET_high_jets
4       784        1.619699  ...            2.534616       SR5_high_boundary
5       156        2.591983  ...            2.667702    SR6_extreme_boundary
6       239       -0.683227  ...            1.632591   SR7_high_MET_fraction
7       364        1.460471  ...            2.594544   SR8_high_multiplicity

[8 rows x 10 columns]
Done: remote_opq_sm_68072_ttassoc
Outputs: /work/outputs/remote_opq_sm_68072_ttassoc
docker run --rm -v D:\Gamer File\My Work\The PhD\Extra\Nframe\nframe_cms_stage2_event_boundary\cloud_remote_nframe_package\cmssw_full_extraction:/work cmsopendata/cmssw_10_6_30-slc7_amd64_gcc700 bash -lc export SAMPLE_ID=remote_opq_sm_68072_ttassoc; export NFRAME_INPUT_FILES='root://eospublic.cern.ch//eos/opendata/cms/mc/RunIISummer20UL16MiniAODv2/TTWJetsToLNu_TuneCP5_13TeV-amcatnloFXFX-madspin-pythia8/MINIAODSIM/106X_mcRun2_asymptotic_v17-v1/120000/25FA4D2D-50C4-514A-96B6-3E1CF8E26C1F.root'; export NFRAME_INPUT_DIR=/data; export NFRAME_OUTPUT_DIR=/work/outputs/${SAMPLE_ID}; export NFRAME_TEST_MAXEVENTS=100; export NFRAME_MAXEVENTS_FULL=5000; bash /work/run_one_sample.sh
