Setting up CMSSW_10_6_30
WARNING: In non-interactive mode release checks e.g. deprecated releases, production architectures are disabled.
CMSSW should now be available.
This is a standalone image for CMSSW_10_6_30 slc7_amd64_gcc700.
>> Local Products Rules ..... started
>> Local Products Rules ..... done
>> Building CMSSW version CMSSW_10_6_30 ----
>> Entering Package NFrame/NFrameMiniAOD
>> Creating project symlinks
Entering library rule at src/NFrame/NFrameMiniAOD/plugins
>> Compiling edm plugin /code/CMSSW_10_6_30/src/NFrame/NFrameMiniAOD/plugins/NFrameMiniAODAnalyzer.cc 
>> Building edm plugin tmp/slc7_amd64_gcc700/src/NFrame/NFrameMiniAOD/plugins/NFrameNFrameMiniAODAuto/libNFrameNFrameMiniAODAuto.so
Leaving library rule at src/NFrame/NFrameMiniAOD/plugins
@@@@ Running edmWriteConfigs for NFrameNFrameMiniAODAuto
--- Registered EDM Plugin: NFrameNFrameMiniAODAuto
>> Leaving Package NFrame/NFrameMiniAOD
>> Package NFrame/NFrameMiniAOD built
>> Subsystem NFrame built
>> Subsystem BigProducts built
gmake[1]: Entering directory '/code/CMSSW_10_6_30'
>> Local Products Rules ..... started
>> Local Products Rules ..... done
>> Creating project symlinks
>> Done python_symlink
>> Compiling python modules cfipython/slc7_amd64_gcc700
>> Compiling python modules python
>> Compiling python modules src/NFrame/NFrameMiniAOD/python
>> All python modules compiled
@@@@ Refreshing Plugins:edmPluginRefresh
>> Plugins of all types refreshed.
>> Done generating edm plugin poisoned information
gmake[1]: Leaving directory '/code/CMSSW_10_6_30'
22-Jun-2026 15:35:16 CEST  Initiating request to open file root://eospublic.cern.ch//eos/opendata/cms/mc/RunIISummer20UL16MiniAODv2/TTZToQQ_TuneCP5_13TeV_amcatnlo-pythia8/MINIAODSIM/106X_mcRun2_asymptotic_v17-v2/2820000/00EB1E15-F7BE-EF42-92AA-8D4F2093F7BE.root
%MSG-w XrdAdaptor:  file_open 22-Jun-2026 15:35:18 CEST pre-events
Data is served from cern.ch instead of original site eospublic
%MSG
22-Jun-2026 15:35:21 CEST  Successfully opened file root://eospublic.cern.ch//eos/opendata/cms/mc/RunIISummer20UL16MiniAODv2/TTZToQQ_TuneCP5_13TeV_amcatnlo-pythia8/MINIAODSIM/106X_mcRun2_asymptotic_v17-v2/2820000/00EB1E15-F7BE-EF42-92AA-8D4F2093F7BE.root
Begin processing the 1st record. Run 1, Event 4552174, LumiSection 6136 on stream 0 at 22-Jun-2026 15:35:37.488 CEST
22-Jun-2026 15:35:56 CEST  Closed file root://eospublic.cern.ch//eos/opendata/cms/mc/RunIISummer20UL16MiniAODv2/TTZToQQ_TuneCP5_13TeV_amcatnlo-pythia8/MINIAODSIM/106X_mcRun2_asymptotic_v17-v2/2820000/00EB1E15-F7BE-EF42-92AA-8D4F2093F7BE.root

=============================================

MessageLogger Summary

 type     category        sev    module        subroutine        count    total
 ---- -------------------- -- ---------------- ----------------  -----    -----
    1 XrdAdaptor           -w file_open                              1        1
    2 fileAction           -s file_close                             1        1
    3 fileAction           -s file_open                              2        2

 type    category    Examples: run/evt        run/evt          run/evt
 ---- -------------------- ---------------- ---------------- ----------------
    1 XrdAdaptor           pre-events                        
    2 fileAction           PostGlobalEndRun                  
    3 fileAction           pre-events       pre-events       

Severity    # Occurrences   Total Occurrences
--------    -------------   -----------------
Warning                 1                   1
System                  3                   3

dropped waiting message count 0
wrote /work/outputs/remote_opq_sm_68205_ttassoc/event_features_test_nframe_scored.csv rows 100
22-Jun-2026 15:35:57 CEST  Initiating request to open file root://eospublic.cern.ch//eos/opendata/cms/mc/RunIISummer20UL16MiniAODv2/TTZToQQ_TuneCP5_13TeV_amcatnlo-pythia8/MINIAODSIM/106X_mcRun2_asymptotic_v17-v2/2820000/00EB1E15-F7BE-EF42-92AA-8D4F2093F7BE.root
%MSG-w XrdAdaptor:  file_open 22-Jun-2026 15:36:00 CEST pre-events
Data is served from cern.ch instead of original site eospublic
%MSG
22-Jun-2026 15:36:03 CEST  Successfully opened file root://eospublic.cern.ch//eos/opendata/cms/mc/RunIISummer20UL16MiniAODv2/TTZToQQ_TuneCP5_13TeV_amcatnlo-pythia8/MINIAODSIM/106X_mcRun2_asymptotic_v17-v2/2820000/00EB1E15-F7BE-EF42-92AA-8D4F2093F7BE.root
Begin processing the 1st record. Run 1, Event 4552174, LumiSection 6136 on stream 0 at 22-Jun-2026 15:36:08.002 CEST
Begin processing the 1001st record. Run 1, Event 4738669, LumiSection 6387 on stream 0 at 22-Jun-2026 15:36:28.660 CEST
Begin processing the 2001st record. Run 1, Event 11422119, LumiSection 15394 on stream 0 at 22-Jun-2026 15:36:41.521 CEST
Begin processing the 3001st record. Run 1, Event 12047152, LumiSection 16237 on stream 0 at 22-Jun-2026 15:36:57.082 CEST
Begin processing the 4001st record. Run 1, Event 12796082, LumiSection 17246 on stream 0 at 22-Jun-2026 15:37:19.531 CEST
22-Jun-2026 15:37:39 CEST  Closed file root://eospublic.cern.ch//eos/opendata/cms/mc/RunIISummer20UL16MiniAODv2/TTZToQQ_TuneCP5_13TeV_amcatnlo-pythia8/MINIAODSIM/106X_mcRun2_asymptotic_v17-v2/2820000/00EB1E15-F7BE-EF42-92AA-8D4F2093F7BE.root

=============================================

MessageLogger Summary

 type     category        sev    module        subroutine        count    total
 ---- -------------------- -- ---------------- ----------------  -----    -----
    1 XrdAdaptor           -w file_open                              1        1
    2 fileAction           -s file_close                             1        1
    3 fileAction           -s file_open                              2        2

 type    category    Examples: run/evt        run/evt          run/evt
 ---- -------------------- ---------------- ---------------- ----------------
    1 XrdAdaptor           pre-events                        
    2 fileAction           PostGlobalEndRun                  
    3 fileAction           pre-events       pre-events       

Severity    # Occurrences   Total Occurrences
--------    -------------   -----------------
Warning                 1                   1
System                  3                   3

dropped waiting message count 0
wrote /work/outputs/remote_opq_sm_68205_ttassoc/event_features_nframe_scored.csv rows 5000
   N_events  mean_B_event_z  ...  mean_S_event_proxy           pseudo_region
0       316       -1.376301  ...            1.750101        SR1_low_boundary
1       255        0.909157  ...            2.270114          SR2_medium_MET
2        70        2.150305  ...            2.324242            SR3_high_MET
3        34        2.770097  ...            2.470767  SR4_high_MET_high_jets
4       754        1.616255  ...            2.598329       SR5_high_boundary
5       135        2.595245  ...            2.692980    SR6_extreme_boundary
6        58       -0.298357  ...            1.704808   SR7_high_MET_fraction
7       730        1.115634  ...            2.570677   SR8_high_multiplicity

[8 rows x 10 columns]
Done: remote_opq_sm_68205_ttassoc
Outputs: /work/outputs/remote_opq_sm_68205_ttassoc
docker run --rm -v D:\Gamer File\My Work\The PhD\Extra\Nframe\nframe_cms_stage2_event_boundary\cloud_remote_nframe_package\cmssw_full_extraction:/work cmsopendata/cmssw_10_6_30-slc7_amd64_gcc700 bash -lc export SAMPLE_ID=remote_opq_sm_68205_ttassoc; export NFRAME_INPUT_FILES='root://eospublic.cern.ch//eos/opendata/cms/mc/RunIISummer20UL16MiniAODv2/TTZToQQ_TuneCP5_13TeV_amcatnlo-pythia8/MINIAODSIM/106X_mcRun2_asymptotic_v17-v2/2820000/00EB1E15-F7BE-EF42-92AA-8D4F2093F7BE.root'; export NFRAME_INPUT_DIR=/data; export NFRAME_OUTPUT_DIR=/work/outputs/${SAMPLE_ID}; export NFRAME_TEST_MAXEVENTS=100; export NFRAME_MAXEVENTS_FULL=5000; bash /work/run_one_sample.sh
