Setting up CMSSW_10_6_30
WARNING: In non-interactive mode release checks e.g. deprecated releases, production architectures are disabled.
CMSSW should now be available.
This is a standalone image for CMSSW_10_6_30 slc7_amd64_gcc700.
>> Local Products Rules ..... started
>> Local Products Rules ..... done
>> Building CMSSW version CMSSW_10_6_30 ----
>> Entering Package NFrame/NFrameMiniAOD
>> Creating project symlinks
Entering library rule at src/NFrame/NFrameMiniAOD/plugins
>> Compiling edm plugin /code/CMSSW_10_6_30/src/NFrame/NFrameMiniAOD/plugins/NFrameMiniAODAnalyzer.cc 
>> Building edm plugin tmp/slc7_amd64_gcc700/src/NFrame/NFrameMiniAOD/plugins/NFrameNFrameMiniAODAuto/libNFrameNFrameMiniAODAuto.so
Leaving library rule at src/NFrame/NFrameMiniAOD/plugins
@@@@ Running edmWriteConfigs for NFrameNFrameMiniAODAuto
--- Registered EDM Plugin: NFrameNFrameMiniAODAuto
>> Leaving Package NFrame/NFrameMiniAOD
>> Package NFrame/NFrameMiniAOD built
>> Subsystem NFrame built
>> Subsystem BigProducts built
gmake[1]: Entering directory '/code/CMSSW_10_6_30'
>> Local Products Rules ..... started
>> Local Products Rules ..... done
>> Creating project symlinks
>> Done python_symlink
>> Compiling python modules cfipython/slc7_amd64_gcc700
>> Compiling python modules python
>> Compiling python modules src/NFrame/NFrameMiniAOD/python
>> All python modules compiled
@@@@ Refreshing Plugins:edmPluginRefresh
>> Plugins of all types refreshed.
>> Done generating edm plugin poisoned information
gmake[1]: Leaving directory '/code/CMSSW_10_6_30'
22-Jun-2026 13:26:32 CEST  Initiating request to open file root://eospublic.cern.ch//eos/opendata/cms/mc/RunIISummer20UL16MiniAODv2/ZJetsToNuNu_HT-1200To2500_TuneCP5_13TeV-madgraphMLM-pythia8/MINIAODSIM/106X_mcRun2_asymptotic_v17-v2/2520000/DC8E1419-ED8B-8E4E-8BDB-DDC92C555F84.root
%MSG-w XrdAdaptor:  file_open 22-Jun-2026 13:26:34 CEST pre-events
Data is served from cern.ch instead of original site eospublic
%MSG
22-Jun-2026 13:26:37 CEST  Successfully opened file root://eospublic.cern.ch//eos/opendata/cms/mc/RunIISummer20UL16MiniAODv2/ZJetsToNuNu_HT-1200To2500_TuneCP5_13TeV-madgraphMLM-pythia8/MINIAODSIM/106X_mcRun2_asymptotic_v17-v2/2520000/DC8E1419-ED8B-8E4E-8BDB-DDC92C555F84.root
Begin processing the 1st record. Run 1, Event 257044, LumiSection 38 on stream 0 at 22-Jun-2026 13:26:40.718 CEST
22-Jun-2026 13:26:59 CEST  Closed file root://eospublic.cern.ch//eos/opendata/cms/mc/RunIISummer20UL16MiniAODv2/ZJetsToNuNu_HT-1200To2500_TuneCP5_13TeV-madgraphMLM-pythia8/MINIAODSIM/106X_mcRun2_asymptotic_v17-v2/2520000/DC8E1419-ED8B-8E4E-8BDB-DDC92C555F84.root

=============================================

MessageLogger Summary

 type     category        sev    module        subroutine        count    total
 ---- -------------------- -- ---------------- ----------------  -----    -----
    1 XrdAdaptor           -w file_open                              1        1
    2 fileAction           -s file_close                             1        1
    3 fileAction           -s file_open                              2        2

 type    category    Examples: run/evt        run/evt          run/evt
 ---- -------------------- ---------------- ---------------- ----------------
    1 XrdAdaptor           pre-events                        
    2 fileAction           PostGlobalEndRun                  
    3 fileAction           pre-events       pre-events       

Severity    # Occurrences   Total Occurrences
--------    -------------   -----------------
Warning                 1                   1
System                  3                   3

dropped waiting message count 0
wrote /work/outputs/remote_opq_sm_74895_znunu/event_features_test_nframe_scored.csv rows 100
22-Jun-2026 13:27:00 CEST  Initiating request to open file root://eospublic.cern.ch//eos/opendata/cms/mc/RunIISummer20UL16MiniAODv2/ZJetsToNuNu_HT-1200To2500_TuneCP5_13TeV-madgraphMLM-pythia8/MINIAODSIM/106X_mcRun2_asymptotic_v17-v2/2520000/DC8E1419-ED8B-8E4E-8BDB-DDC92C555F84.root
%MSG-w XrdAdaptor:  file_open 22-Jun-2026 13:27:03 CEST pre-events
Data is served from cern.ch instead of original site eospublic
%MSG
22-Jun-2026 13:27:05 CEST  Successfully opened file root://eospublic.cern.ch//eos/opendata/cms/mc/RunIISummer20UL16MiniAODv2/ZJetsToNuNu_HT-1200To2500_TuneCP5_13TeV-madgraphMLM-pythia8/MINIAODSIM/106X_mcRun2_asymptotic_v17-v2/2520000/DC8E1419-ED8B-8E4E-8BDB-DDC92C555F84.root
Begin processing the 1st record. Run 1, Event 257044, LumiSection 38 on stream 0 at 22-Jun-2026 13:27:09.508 CEST
Begin processing the 1001st record. Run 1, Event 413998, LumiSection 60 on stream 0 at 22-Jun-2026 13:27:19.347 CEST
22-Jun-2026 13:27:19 CEST  Closed file root://eospublic.cern.ch//eos/opendata/cms/mc/RunIISummer20UL16MiniAODv2/ZJetsToNuNu_HT-1200To2500_TuneCP5_13TeV-madgraphMLM-pythia8/MINIAODSIM/106X_mcRun2_asymptotic_v17-v2/2520000/DC8E1419-ED8B-8E4E-8BDB-DDC92C555F84.root

=============================================

MessageLogger Summary

 type     category        sev    module        subroutine        count    total
 ---- -------------------- -- ---------------- ----------------  -----    -----
    1 XrdAdaptor           -w file_open                              1        1
    2 fileAction           -s file_close                             1        1
    3 fileAction           -s file_open                              2        2

 type    category    Examples: run/evt        run/evt          run/evt
 ---- -------------------- ---------------- ---------------- ----------------
    1 XrdAdaptor           pre-events                        
    2 fileAction           PostGlobalEndRun                  
    3 fileAction           pre-events       pre-events       

Severity    # Occurrences   Total Occurrences
--------    -------------   -----------------
Warning                 1                   1
System                  3                   3

dropped waiting message count 0
wrote /work/outputs/remote_opq_sm_74895_znunu/event_features_nframe_scored.csv rows 1249
   N_events  mean_B_event_z  ...  mean_S_event_proxy           pseudo_region
0       251       -0.931224  ...            1.637740        SR1_low_boundary
1       299       -0.108619  ...            1.840273          SR2_medium_MET
2       366        0.671041  ...            1.840708            SR3_high_MET
3        48        2.014581  ...            2.296080  SR4_high_MET_high_jets
4       190        1.722568  ...            2.290254       SR5_high_boundary
5        45        2.721248  ...            2.532454    SR6_extreme_boundary
6        24        1.282913  ...            1.648801   SR7_high_MET_fraction
7        26        2.263286  ...            2.516262   SR8_high_multiplicity

[8 rows x 10 columns]
Done: remote_opq_sm_74895_znunu
Outputs: /work/outputs/remote_opq_sm_74895_znunu
docker run --rm -v D:\Gamer File\My Work\The PhD\Extra\Nframe\nframe_cms_stage2_event_boundary\cloud_remote_nframe_package\cmssw_full_extraction:/work cmsopendata/cmssw_10_6_30-slc7_amd64_gcc700 bash -lc export SAMPLE_ID=remote_opq_sm_74895_znunu; export NFRAME_INPUT_FILES='root://eospublic.cern.ch//eos/opendata/cms/mc/RunIISummer20UL16MiniAODv2/ZJetsToNuNu_HT-1200To2500_TuneCP5_13TeV-madgraphMLM-pythia8/MINIAODSIM/106X_mcRun2_asymptotic_v17-v2/2520000/DC8E1419-ED8B-8E4E-8BDB-DDC92C555F84.root'; export NFRAME_INPUT_DIR=/data; export NFRAME_OUTPUT_DIR=/work/outputs/${SAMPLE_ID}; export NFRAME_TEST_MAXEVENTS=100; export NFRAME_MAXEVENTS_FULL=5000; bash /work/run_one_sample.sh
