Setting up CMSSW_10_6_30
WARNING: In non-interactive mode release checks e.g. deprecated releases, production architectures are disabled.
CMSSW should now be available.
This is a standalone image for CMSSW_10_6_30 slc7_amd64_gcc700.
>> Local Products Rules ..... started
>> Local Products Rules ..... done
>> Building CMSSW version CMSSW_10_6_30 ----
>> Entering Package NFrame/NFrameMiniAOD
>> Creating project symlinks
Entering library rule at src/NFrame/NFrameMiniAOD/plugins
>> Compiling edm plugin /code/CMSSW_10_6_30/src/NFrame/NFrameMiniAOD/plugins/NFrameMiniAODAnalyzer.cc 
>> Building edm plugin tmp/slc7_amd64_gcc700/src/NFrame/NFrameMiniAOD/plugins/NFrameNFrameMiniAODAuto/libNFrameNFrameMiniAODAuto.so
Leaving library rule at src/NFrame/NFrameMiniAOD/plugins
@@@@ Running edmWriteConfigs for NFrameNFrameMiniAODAuto
--- Registered EDM Plugin: NFrameNFrameMiniAODAuto
>> Leaving Package NFrame/NFrameMiniAOD
>> Package NFrame/NFrameMiniAOD built
>> Subsystem NFrame built
>> Subsystem BigProducts built
gmake[1]: Entering directory '/code/CMSSW_10_6_30'
>> Local Products Rules ..... started
>> Local Products Rules ..... done
>> Creating project symlinks
>> Done python_symlink
>> Compiling python modules cfipython/slc7_amd64_gcc700
>> Compiling python modules python
>> Compiling python modules src/NFrame/NFrameMiniAOD/python
>> All python modules compiled
@@@@ Refreshing Plugins:edmPluginRefresh
>> Plugins of all types refreshed.
>> Done generating edm plugin poisoned information
gmake[1]: Leaving directory '/code/CMSSW_10_6_30'
22-Jun-2026 11:22:00 CEST  Initiating request to open file root://eospublic.cern.ch//eos/opendata/cms/mc/RunIISummer20UL16MiniAODv2/QCD_HT500to700_TuneCP5_PSWeights_13TeV-madgraphMLM-pythia8/MINIAODSIM/106X_mcRun2_asymptotic_v17-v1/2540000/01E46CD8-6C9E-8E4B-8025-736AB18C67AF.root
%MSG-w XrdAdaptor:  file_open 22-Jun-2026 11:22:02 CEST pre-events
Data is served from cern.ch instead of original site eospublic
%MSG
22-Jun-2026 11:22:05 CEST  Successfully opened file root://eospublic.cern.ch//eos/opendata/cms/mc/RunIISummer20UL16MiniAODv2/QCD_HT500to700_TuneCP5_PSWeights_13TeV-madgraphMLM-pythia8/MINIAODSIM/106X_mcRun2_asymptotic_v17-v1/2540000/01E46CD8-6C9E-8E4B-8025-736AB18C67AF.root
Begin processing the 1st record. Run 1, Event 655370175, LumiSection 589893 on stream 0 at 22-Jun-2026 11:22:11.672 CEST
22-Jun-2026 11:22:20 CEST  Closed file root://eospublic.cern.ch//eos/opendata/cms/mc/RunIISummer20UL16MiniAODv2/QCD_HT500to700_TuneCP5_PSWeights_13TeV-madgraphMLM-pythia8/MINIAODSIM/106X_mcRun2_asymptotic_v17-v1/2540000/01E46CD8-6C9E-8E4B-8025-736AB18C67AF.root

=============================================

MessageLogger Summary

 type     category        sev    module        subroutine        count    total
 ---- -------------------- -- ---------------- ----------------  -----    -----
    1 XrdAdaptor           -w file_open                              1        1
    2 fileAction           -s file_close                             1        1
    3 fileAction           -s file_open                              2        2

 type    category    Examples: run/evt        run/evt          run/evt
 ---- -------------------- ---------------- ---------------- ----------------
    1 XrdAdaptor           pre-events                        
    2 fileAction           PostGlobalEndRun                  
    3 fileAction           pre-events       pre-events       

Severity    # Occurrences   Total Occurrences
--------    -------------   -----------------
Warning                 1                   1
System                  3                   3

dropped waiting message count 0
wrote /work/outputs/remote_opq_sm_63126_qcd/event_features_test_nframe_scored.csv rows 100
22-Jun-2026 11:22:21 CEST  Initiating request to open file root://eospublic.cern.ch//eos/opendata/cms/mc/RunIISummer20UL16MiniAODv2/QCD_HT500to700_TuneCP5_PSWeights_13TeV-madgraphMLM-pythia8/MINIAODSIM/106X_mcRun2_asymptotic_v17-v1/2540000/01E46CD8-6C9E-8E4B-8025-736AB18C67AF.root
%MSG-w XrdAdaptor:  file_open 22-Jun-2026 11:22:24 CEST pre-events
Data is served from cern.ch instead of original site eospublic
%MSG
22-Jun-2026 11:22:26 CEST  Successfully opened file root://eospublic.cern.ch//eos/opendata/cms/mc/RunIISummer20UL16MiniAODv2/QCD_HT500to700_TuneCP5_PSWeights_13TeV-madgraphMLM-pythia8/MINIAODSIM/106X_mcRun2_asymptotic_v17-v1/2540000/01E46CD8-6C9E-8E4B-8025-736AB18C67AF.root
Begin processing the 1st record. Run 1, Event 655370175, LumiSection 589893 on stream 0 at 22-Jun-2026 11:22:31.314 CEST
Begin processing the 1001st record. Run 1, Event 412539887, LumiSection 371324 on stream 0 at 22-Jun-2026 11:22:49.980 CEST
Begin processing the 2001st record. Run 1, Event 205808518, LumiSection 185247 on stream 0 at 22-Jun-2026 11:22:53.999 CEST
Begin processing the 3001st record. Run 1, Event 375583849, LumiSection 338060 on stream 0 at 22-Jun-2026 11:22:58.769 CEST
Begin processing the 4001st record. Run 1, Event 232870796, LumiSection 209605 on stream 0 at 22-Jun-2026 11:23:03.601 CEST
Begin processing the 5001st record. Run 1, Event 294471353, LumiSection 265051 on stream 0 at 22-Jun-2026 11:23:11.049 CEST
Begin processing the 6001st record. Run 1, Event 526290199, LumiSection 473709 on stream 0 at 22-Jun-2026 11:23:17.741 CEST
Begin processing the 7001st record. Run 1, Event 522302944, LumiSection 470120 on stream 0 at 22-Jun-2026 11:23:27.757 CEST
Begin processing the 8001st record. Run 1, Event 526399260, LumiSection 473807 on stream 0 at 22-Jun-2026 11:23:35.849 CEST
Begin processing the 9001st record. Run 1, Event 419345474, LumiSection 377449 on stream 0 at 22-Jun-2026 11:23:47.010 CEST
Begin processing the 10001st record. Run 1, Event 419410971, LumiSection 377508 on stream 0 at 22-Jun-2026 11:23:53.763 CEST
Begin processing the 11001st record. Run 1, Event 403454473, LumiSection 363146 on stream 0 at 22-Jun-2026 11:23:58.650 CEST
Begin processing the 12001st record. Run 1, Event 403584856, LumiSection 363263 on stream 0 at 22-Jun-2026 11:24:09.205 CEST
Begin processing the 13001st record. Run 1, Event 399085290, LumiSection 359213 on stream 0 at 22-Jun-2026 11:24:16.555 CEST
Begin processing the 14001st record. Run 1, Event 485689124, LumiSection 437164 on stream 0 at 22-Jun-2026 11:24:33.483 CEST
22-Jun-2026 11:24:41 CEST  Closed file root://eospublic.cern.ch//eos/opendata/cms/mc/RunIISummer20UL16MiniAODv2/QCD_HT500to700_TuneCP5_PSWeights_13TeV-madgraphMLM-pythia8/MINIAODSIM/106X_mcRun2_asymptotic_v17-v1/2540000/01E46CD8-6C9E-8E4B-8025-736AB18C67AF.root

=============================================

MessageLogger Summary

 type     category        sev    module        subroutine        count    total
 ---- -------------------- -- ---------------- ----------------  -----    -----
    1 XrdAdaptor           -w file_open                              1        1
    2 fileAction           -s file_close                             1        1
    3 fileAction           -s file_open                              2        2

 type    category    Examples: run/evt        run/evt          run/evt
 ---- -------------------- ---------------- ---------------- ----------------
    1 XrdAdaptor           pre-events                        
    2 fileAction           PostGlobalEndRun                  
    3 fileAction           pre-events       pre-events       

Severity    # Occurrences   Total Occurrences
--------    -------------   -----------------
Warning                 1                   1
System                  3                   3

dropped waiting message count 0
wrote /work/outputs/remote_opq_sm_63126_qcd/event_features_nframe_scored.csv rows 15000
   N_events  mean_B_event_z  ...  mean_S_event_proxy           pseudo_region
0      8464       -0.523415  ...            1.426786        SR1_low_boundary
1        15        2.853691  ...            1.818005          SR2_medium_MET
2         0             NaN  ...                 NaN            SR3_high_MET
3         0             NaN  ...                 NaN  SR4_high_MET_high_jets
4      2257        1.654751  ...            2.061400       SR5_high_boundary
5       495        2.567241  ...            2.228372    SR6_extreme_boundary
6        18        0.358462  ...            0.560765   SR7_high_MET_fraction
7        40        2.996700  ...            2.389654   SR8_high_multiplicity

[8 rows x 10 columns]
Done: remote_opq_sm_63126_qcd
Outputs: /work/outputs/remote_opq_sm_63126_qcd
docker run --rm -v D:\Gamer File\My Work\The PhD\Extra\Nframe\nframe_cms_stage2_event_boundary\cloud_remote_nframe_package\cmssw_full_extraction:/work cmsopendata/cmssw_10_6_30-slc7_amd64_gcc700 bash -lc export SAMPLE_ID=remote_opq_sm_63126_qcd; export NFRAME_INPUT_FILES='root://eospublic.cern.ch//eos/opendata/cms/mc/RunIISummer20UL16MiniAODv2/QCD_HT500to700_TuneCP5_PSWeights_13TeV-madgraphMLM-pythia8/MINIAODSIM/106X_mcRun2_asymptotic_v17-v1/2540000/01E46CD8-6C9E-8E4B-8025-736AB18C67AF.root,root://eospublic.cern.ch//eos/opendata/cms/mc/RunIISummer20UL16MiniAODv2/QCD_HT500to700_TuneCP5_PSWeights_13TeV-madgraphMLM-pythia8/MINIAODSIM/106X_mcRun2_asymptotic_v17-v1/30000/C8E2168E-D866-4242-B00C-A0F31950DFF7.root,root://eospublic.cern.ch//eos/opendata/cms/mc/RunIISummer20UL16MiniAODv2/QCD_HT500to700_TuneCP5_PSWeights_13TeV-madgraphMLM-pythia8/MINIAODSIM/106X_mcRun2_asymptotic_v17-v1/80000/3EB82637-2DEC-904B-A4A6-EB1626DC534B.root'; export NFRAME_INPUT_DIR=/data; export NFRAME_OUTPUT_DIR=/work/outputs/${SAMPLE_ID}; export NFRAME_TEST_MAXEVENTS=100; export NFRAME_MAXEVENTS_FULL=15000; bash /work/run_one_sample.sh
