Setting up CMSSW_10_6_30
WARNING: In non-interactive mode release checks e.g. deprecated releases, production architectures are disabled.
CMSSW should now be available.
This is a standalone image for CMSSW_10_6_30 slc7_amd64_gcc700.
>> Local Products Rules ..... started
>> Local Products Rules ..... done
>> Building CMSSW version CMSSW_10_6_30 ----
>> Entering Package NFrame/NFrameMiniAOD
>> Creating project symlinks
Entering library rule at src/NFrame/NFrameMiniAOD/plugins
>> Compiling edm plugin /code/CMSSW_10_6_30/src/NFrame/NFrameMiniAOD/plugins/NFrameMiniAODAnalyzer.cc 
>> Building edm plugin tmp/slc7_amd64_gcc700/src/NFrame/NFrameMiniAOD/plugins/NFrameNFrameMiniAODAuto/libNFrameNFrameMiniAODAuto.so
Leaving library rule at src/NFrame/NFrameMiniAOD/plugins
@@@@ Running edmWriteConfigs for NFrameNFrameMiniAODAuto
--- Registered EDM Plugin: NFrameNFrameMiniAODAuto
>> Leaving Package NFrame/NFrameMiniAOD
>> Package NFrame/NFrameMiniAOD built
>> Subsystem NFrame built
>> Subsystem BigProducts built
gmake[1]: Entering directory '/code/CMSSW_10_6_30'
>> Local Products Rules ..... started
>> Local Products Rules ..... done
>> Creating project symlinks
>> Done python_symlink
>> Compiling python modules cfipython/slc7_amd64_gcc700
>> Compiling python modules python
>> Compiling python modules src/NFrame/NFrameMiniAOD/python
>> All python modules compiled
@@@@ Refreshing Plugins:edmPluginRefresh
>> Plugins of all types refreshed.
>> Done generating edm plugin poisoned information
gmake[1]: Leaving directory '/code/CMSSW_10_6_30'
22-Jun-2026 15:42:50 CEST  Initiating request to open file root://eospublic.cern.ch//eos/opendata/cms/mc/RunIISummer20UL16MiniAODv2/TTWJetsToQQ_TuneCP5_13TeV-amcatnloFXFX-madspin-pythia8/MINIAODSIM/106X_mcRun2_asymptotic_v17-v1/130000/B7703353-7812-2641-9ED3-919644D9B61A.root
%MSG-w XrdAdaptor:  file_open 22-Jun-2026 15:42:52 CEST pre-events
Data is served from cern.ch instead of original site eospublic
%MSG
22-Jun-2026 15:42:55 CEST  Successfully opened file root://eospublic.cern.ch//eos/opendata/cms/mc/RunIISummer20UL16MiniAODv2/TTWJetsToQQ_TuneCP5_13TeV-amcatnloFXFX-madspin-pythia8/MINIAODSIM/106X_mcRun2_asymptotic_v17-v1/130000/B7703353-7812-2641-9ED3-919644D9B61A.root
Begin processing the 1st record. Run 1, Event 49109, LumiSection 32 on stream 0 at 22-Jun-2026 15:42:57.930 CEST
22-Jun-2026 15:43:06 CEST  Closed file root://eospublic.cern.ch//eos/opendata/cms/mc/RunIISummer20UL16MiniAODv2/TTWJetsToQQ_TuneCP5_13TeV-amcatnloFXFX-madspin-pythia8/MINIAODSIM/106X_mcRun2_asymptotic_v17-v1/130000/B7703353-7812-2641-9ED3-919644D9B61A.root

=============================================

MessageLogger Summary

 type     category        sev    module        subroutine        count    total
 ---- -------------------- -- ---------------- ----------------  -----    -----
    1 XrdAdaptor           -w file_open                              1        1
    2 fileAction           -s file_close                             1        1
    3 fileAction           -s file_open                              2        2

 type    category    Examples: run/evt        run/evt          run/evt
 ---- -------------------- ---------------- ---------------- ----------------
    1 XrdAdaptor           pre-events                        
    2 fileAction           PostGlobalEndRun                  
    3 fileAction           pre-events       pre-events       

Severity    # Occurrences   Total Occurrences
--------    -------------   -----------------
Warning                 1                   1
System                  3                   3

dropped waiting message count 0
wrote /work/outputs/remote_opq_sm_68082_ttassoc/event_features_test_nframe_scored.csv rows 100
22-Jun-2026 15:43:08 CEST  Initiating request to open file root://eospublic.cern.ch//eos/opendata/cms/mc/RunIISummer20UL16MiniAODv2/TTWJetsToQQ_TuneCP5_13TeV-amcatnloFXFX-madspin-pythia8/MINIAODSIM/106X_mcRun2_asymptotic_v17-v1/130000/B7703353-7812-2641-9ED3-919644D9B61A.root
%MSG-w XrdAdaptor:  file_open 22-Jun-2026 15:43:10 CEST pre-events
Data is served from cern.ch instead of original site eospublic
%MSG
22-Jun-2026 15:43:13 CEST  Successfully opened file root://eospublic.cern.ch//eos/opendata/cms/mc/RunIISummer20UL16MiniAODv2/TTWJetsToQQ_TuneCP5_13TeV-amcatnloFXFX-madspin-pythia8/MINIAODSIM/106X_mcRun2_asymptotic_v17-v1/130000/B7703353-7812-2641-9ED3-919644D9B61A.root
Begin processing the 1st record. Run 1, Event 49109, LumiSection 32 on stream 0 at 22-Jun-2026 15:43:15.727 CEST
Begin processing the 1001st record. Run 1, Event 50625, LumiSection 32 on stream 0 at 22-Jun-2026 15:43:29.020 CEST
Begin processing the 2001st record. Run 1, Event 52126, LumiSection 33 on stream 0 at 22-Jun-2026 15:43:32.666 CEST
22-Jun-2026 15:43:32 CEST  Closed file root://eospublic.cern.ch//eos/opendata/cms/mc/RunIISummer20UL16MiniAODv2/TTWJetsToQQ_TuneCP5_13TeV-amcatnloFXFX-madspin-pythia8/MINIAODSIM/106X_mcRun2_asymptotic_v17-v1/130000/B7703353-7812-2641-9ED3-919644D9B61A.root

=============================================

MessageLogger Summary

 type     category        sev    module        subroutine        count    total
 ---- -------------------- -- ---------------- ----------------  -----    -----
    1 XrdAdaptor           -w file_open                              1        1
    2 fileAction           -s file_close                             1        1
    3 fileAction           -s file_open                              2        2

 type    category    Examples: run/evt        run/evt          run/evt
 ---- -------------------- ---------------- ---------------- ----------------
    1 XrdAdaptor           pre-events                        
    2 fileAction           PostGlobalEndRun                  
    3 fileAction           pre-events       pre-events       

Severity    # Occurrences   Total Occurrences
--------    -------------   -----------------
Warning                 1                   1
System                  3                   3

dropped waiting message count 0
wrote /work/outputs/remote_opq_sm_68082_ttassoc/event_features_nframe_scored.csv rows 2082
   N_events  mean_B_event_z  ...  mean_S_event_proxy           pseudo_region
0       190       -1.303448  ...            1.682700        SR1_low_boundary
1       136        0.762873  ...            2.209910          SR2_medium_MET
2        38        2.452451  ...            2.404137            SR3_high_MET
3        29        2.849274  ...            2.518758  SR4_high_MET_high_jets
4       303        1.638865  ...            2.570845       SR5_high_boundary
5        62        2.650524  ...            2.662964    SR6_extreme_boundary
6        45       -0.858214  ...            1.541531   SR7_high_MET_fraction
7       334        1.089782  ...            2.542311   SR8_high_multiplicity

[8 rows x 10 columns]
Done: remote_opq_sm_68082_ttassoc
Outputs: /work/outputs/remote_opq_sm_68082_ttassoc
docker run --rm -v D:\Gamer File\My Work\The PhD\Extra\Nframe\nframe_cms_stage2_event_boundary\cloud_remote_nframe_package\cmssw_full_extraction:/work cmsopendata/cmssw_10_6_30-slc7_amd64_gcc700 bash -lc export SAMPLE_ID=remote_opq_sm_68082_ttassoc; export NFRAME_INPUT_FILES='root://eospublic.cern.ch//eos/opendata/cms/mc/RunIISummer20UL16MiniAODv2/TTWJetsToQQ_TuneCP5_13TeV-amcatnloFXFX-madspin-pythia8/MINIAODSIM/106X_mcRun2_asymptotic_v17-v1/130000/B7703353-7812-2641-9ED3-919644D9B61A.root'; export NFRAME_INPUT_DIR=/data; export NFRAME_OUTPUT_DIR=/work/outputs/${SAMPLE_ID}; export NFRAME_TEST_MAXEVENTS=100; export NFRAME_MAXEVENTS_FULL=5000; bash /work/run_one_sample.sh
