Setting up CMSSW_10_6_30
WARNING: In non-interactive mode release checks e.g. deprecated releases, production architectures are disabled.
CMSSW should now be available.
This is a standalone image for CMSSW_10_6_30 slc7_amd64_gcc700.
>> Local Products Rules ..... started
>> Local Products Rules ..... done
>> Building CMSSW version CMSSW_10_6_30 ----
>> Entering Package NFrame/NFrameMiniAOD
>> Creating project symlinks
Entering library rule at src/NFrame/NFrameMiniAOD/plugins
>> Compiling edm plugin /code/CMSSW_10_6_30/src/NFrame/NFrameMiniAOD/plugins/NFrameMiniAODAnalyzer.cc 
>> Building edm plugin tmp/slc7_amd64_gcc700/src/NFrame/NFrameMiniAOD/plugins/NFrameNFrameMiniAODAuto/libNFrameNFrameMiniAODAuto.so
Leaving library rule at src/NFrame/NFrameMiniAOD/plugins
@@@@ Running edmWriteConfigs for NFrameNFrameMiniAODAuto
--- Registered EDM Plugin: NFrameNFrameMiniAODAuto
>> Leaving Package NFrame/NFrameMiniAOD
>> Package NFrame/NFrameMiniAOD built
>> Subsystem NFrame built
>> Subsystem BigProducts built
gmake[1]: Entering directory '/code/CMSSW_10_6_30'
>> Local Products Rules ..... started
>> Local Products Rules ..... done
>> Creating project symlinks
>> Done python_symlink
>> Compiling python modules cfipython/slc7_amd64_gcc700
>> Compiling python modules python
>> Compiling python modules src/NFrame/NFrameMiniAOD/python
>> All python modules compiled
@@@@ Refreshing Plugins:edmPluginRefresh
>> Plugins of all types refreshed.
>> Done generating edm plugin poisoned information
gmake[1]: Leaving directory '/code/CMSSW_10_6_30'
22-Jun-2026 13:43:43 CEST  Initiating request to open file root://eospublic.cern.ch//eos/opendata/cms/mc/RunIISummer20UL16MiniAODv2/TTJets_SingleLeptFromTbar_genMET-150_TuneCP5_13TeV-madgraphMLM-pythia8/MINIAODSIM/106X_mcRun2_asymptotic_v17-v2/2430000/005803BA-E7D1-7F4E-B676-FD2DC132CF9C.root
%MSG-w XrdAdaptor:  file_open 22-Jun-2026 13:43:45 CEST pre-events
Data is served from cern.ch instead of original site eospublic
%MSG
22-Jun-2026 13:43:48 CEST  Successfully opened file root://eospublic.cern.ch//eos/opendata/cms/mc/RunIISummer20UL16MiniAODv2/TTJets_SingleLeptFromTbar_genMET-150_TuneCP5_13TeV-madgraphMLM-pythia8/MINIAODSIM/106X_mcRun2_asymptotic_v17-v2/2430000/005803BA-E7D1-7F4E-B676-FD2DC132CF9C.root
Begin processing the 1st record. Run 1, Event 20704716, LumiSection 1056 on stream 0 at 22-Jun-2026 13:44:04.600 CEST
22-Jun-2026 13:44:12 CEST  Closed file root://eospublic.cern.ch//eos/opendata/cms/mc/RunIISummer20UL16MiniAODv2/TTJets_SingleLeptFromTbar_genMET-150_TuneCP5_13TeV-madgraphMLM-pythia8/MINIAODSIM/106X_mcRun2_asymptotic_v17-v2/2430000/005803BA-E7D1-7F4E-B676-FD2DC132CF9C.root

=============================================

MessageLogger Summary

 type     category        sev    module        subroutine        count    total
 ---- -------------------- -- ---------------- ----------------  -----    -----
    1 XrdAdaptor           -w file_open                              1        1
    2 fileAction           -s file_close                             1        1
    3 fileAction           -s file_open                              2        2

 type    category    Examples: run/evt        run/evt          run/evt
 ---- -------------------- ---------------- ---------------- ----------------
    1 XrdAdaptor           pre-events                        
    2 fileAction           PostGlobalEndRun                  
    3 fileAction           pre-events       pre-events       

Severity    # Occurrences   Total Occurrences
--------    -------------   -----------------
Warning                 1                   1
System                  3                   3

dropped waiting message count 0
wrote /work/outputs/remote_opq_sm_67722_tttop/event_features_test_nframe_scored.csv rows 100
22-Jun-2026 13:44:13 CEST  Initiating request to open file root://eospublic.cern.ch//eos/opendata/cms/mc/RunIISummer20UL16MiniAODv2/TTJets_SingleLeptFromTbar_genMET-150_TuneCP5_13TeV-madgraphMLM-pythia8/MINIAODSIM/106X_mcRun2_asymptotic_v17-v2/2430000/005803BA-E7D1-7F4E-B676-FD2DC132CF9C.root
%MSG-w XrdAdaptor:  file_open 22-Jun-2026 13:44:16 CEST pre-events
Data is served from cern.ch instead of original site eospublic
%MSG
22-Jun-2026 13:44:19 CEST  Successfully opened file root://eospublic.cern.ch//eos/opendata/cms/mc/RunIISummer20UL16MiniAODv2/TTJets_SingleLeptFromTbar_genMET-150_TuneCP5_13TeV-madgraphMLM-pythia8/MINIAODSIM/106X_mcRun2_asymptotic_v17-v2/2430000/005803BA-E7D1-7F4E-B676-FD2DC132CF9C.root
Begin processing the 1st record. Run 1, Event 20704716, LumiSection 1056 on stream 0 at 22-Jun-2026 13:44:41.856 CEST
Begin processing the 1001st record. Run 1, Event 21635684, LumiSection 1103 on stream 0 at 22-Jun-2026 13:45:10.783 CEST
Begin processing the 2001st record. Run 1, Event 28688602, LumiSection 1462 on stream 0 at 22-Jun-2026 13:45:18.622 CEST
Begin processing the 3001st record. Run 1, Event 28815889, LumiSection 1469 on stream 0 at 22-Jun-2026 13:45:27.013 CEST
Begin processing the 4001st record. Run 1, Event 28879927, LumiSection 1472 on stream 0 at 22-Jun-2026 13:45:35.137 CEST
22-Jun-2026 13:45:42 CEST  Closed file root://eospublic.cern.ch//eos/opendata/cms/mc/RunIISummer20UL16MiniAODv2/TTJets_SingleLeptFromTbar_genMET-150_TuneCP5_13TeV-madgraphMLM-pythia8/MINIAODSIM/106X_mcRun2_asymptotic_v17-v2/2430000/005803BA-E7D1-7F4E-B676-FD2DC132CF9C.root

=============================================

MessageLogger Summary

 type     category        sev    module        subroutine        count    total
 ---- -------------------- -- ---------------- ----------------  -----    -----
    1 XrdAdaptor           -w file_open                              1        1
    2 fileAction           -s file_close                             1        1
    3 fileAction           -s file_open                              2        2

 type    category    Examples: run/evt        run/evt          run/evt
 ---- -------------------- ---------------- ---------------- ----------------
    1 XrdAdaptor           pre-events                        
    2 fileAction           PostGlobalEndRun                  
    3 fileAction           pre-events       pre-events       

Severity    # Occurrences   Total Occurrences
--------    -------------   -----------------
Warning                 1                   1
System                  3                   3

dropped waiting message count 0
wrote /work/outputs/remote_opq_sm_67722_tttop/event_features_nframe_scored.csv rows 5000
   N_events  mean_B_event_z  ...  mean_S_event_proxy           pseudo_region
0       231       -1.200359  ...            1.719172        SR1_low_boundary
1      3454       -0.122812  ...            2.024992          SR2_medium_MET
2       770        1.021280  ...            2.125180            SR3_high_MET
3       224        2.039412  ...            2.406461  SR4_high_MET_high_jets
4       778        1.699649  ...            2.445175       SR5_high_boundary
5       181        2.634933  ...            2.552573    SR6_extreme_boundary
6      1336       -0.617260  ...            1.764395   SR7_high_MET_fraction
7       165        1.942999  ...            2.567023   SR8_high_multiplicity

[8 rows x 10 columns]
Done: remote_opq_sm_67722_tttop
Outputs: /work/outputs/remote_opq_sm_67722_tttop
docker run --rm -v D:\Gamer File\My Work\The PhD\Extra\Nframe\nframe_cms_stage2_event_boundary\cloud_remote_nframe_package\cmssw_full_extraction:/work cmsopendata/cmssw_10_6_30-slc7_amd64_gcc700 bash -lc export SAMPLE_ID=remote_opq_sm_67722_tttop; export NFRAME_INPUT_FILES='root://eospublic.cern.ch//eos/opendata/cms/mc/RunIISummer20UL16MiniAODv2/TTJets_SingleLeptFromTbar_genMET-150_TuneCP5_13TeV-madgraphMLM-pythia8/MINIAODSIM/106X_mcRun2_asymptotic_v17-v2/2430000/005803BA-E7D1-7F4E-B676-FD2DC132CF9C.root'; export NFRAME_INPUT_DIR=/data; export NFRAME_OUTPUT_DIR=/work/outputs/${SAMPLE_ID}; export NFRAME_TEST_MAXEVENTS=100; export NFRAME_MAXEVENTS_FULL=5000; bash /work/run_one_sample.sh
