Setting up CMSSW_10_6_30
WARNING: In non-interactive mode release checks e.g. deprecated releases, production architectures are disabled.
CMSSW should now be available.
This is a standalone image for CMSSW_10_6_30 slc7_amd64_gcc700.
>> Local Products Rules ..... started
>> Local Products Rules ..... done
>> Building CMSSW version CMSSW_10_6_30 ----
>> Entering Package NFrame/NFrameMiniAOD
>> Creating project symlinks
Entering library rule at src/NFrame/NFrameMiniAOD/plugins
>> Compiling edm plugin /code/CMSSW_10_6_30/src/NFrame/NFrameMiniAOD/plugins/NFrameMiniAODAnalyzer.cc 
>> Building edm plugin tmp/slc7_amd64_gcc700/src/NFrame/NFrameMiniAOD/plugins/NFrameNFrameMiniAODAuto/libNFrameNFrameMiniAODAuto.so
Leaving library rule at src/NFrame/NFrameMiniAOD/plugins
@@@@ Running edmWriteConfigs for NFrameNFrameMiniAODAuto
--- Registered EDM Plugin: NFrameNFrameMiniAODAuto
>> Leaving Package NFrame/NFrameMiniAOD
>> Package NFrame/NFrameMiniAOD built
>> Subsystem NFrame built
>> Subsystem BigProducts built
gmake[1]: Entering directory '/code/CMSSW_10_6_30'
>> Local Products Rules ..... started
>> Local Products Rules ..... done
>> Creating project symlinks
>> Done python_symlink
>> Compiling python modules cfipython/slc7_amd64_gcc700
>> Compiling python modules python
>> Compiling python modules src/NFrame/NFrameMiniAOD/python
>> All python modules compiled
@@@@ Refreshing Plugins:edmPluginRefresh
>> Plugins of all types refreshed.
>> Done generating edm plugin poisoned information
gmake[1]: Leaving directory '/code/CMSSW_10_6_30'
22-Jun-2026 13:25:13 CEST  Initiating request to open file root://eospublic.cern.ch//eos/opendata/cms/mc/RunIISummer20UL16MiniAODv2/ZJetsToNuNu_HT-800To1200_TuneCP5_13TeV-madgraphMLM-pythia8/MINIAODSIM/106X_mcRun2_asymptotic_v17-v2/2520000/33C88A1A-1345-4749-8342-6F5FB295B94C.root
%MSG-w XrdAdaptor:  file_open 22-Jun-2026 13:25:15 CEST pre-events
Data is served from cern.ch instead of original site eospublic
%MSG
22-Jun-2026 13:25:18 CEST  Successfully opened file root://eospublic.cern.ch//eos/opendata/cms/mc/RunIISummer20UL16MiniAODv2/ZJetsToNuNu_HT-800To1200_TuneCP5_13TeV-madgraphMLM-pythia8/MINIAODSIM/106X_mcRun2_asymptotic_v17-v2/2520000/33C88A1A-1345-4749-8342-6F5FB295B94C.root
Begin processing the 1st record. Run 1, Event 3772879, LumiSection 3096 on stream 0 at 22-Jun-2026 13:25:21.646 CEST
22-Jun-2026 13:25:27 CEST  Closed file root://eospublic.cern.ch//eos/opendata/cms/mc/RunIISummer20UL16MiniAODv2/ZJetsToNuNu_HT-800To1200_TuneCP5_13TeV-madgraphMLM-pythia8/MINIAODSIM/106X_mcRun2_asymptotic_v17-v2/2520000/33C88A1A-1345-4749-8342-6F5FB295B94C.root

=============================================

MessageLogger Summary

 type     category        sev    module        subroutine        count    total
 ---- -------------------- -- ---------------- ----------------  -----    -----
    1 XrdAdaptor           -w file_open                              1        1
    2 fileAction           -s file_close                             1        1
    3 fileAction           -s file_open                              2        2

 type    category    Examples: run/evt        run/evt          run/evt
 ---- -------------------- ---------------- ---------------- ----------------
    1 XrdAdaptor           pre-events                        
    2 fileAction           PostGlobalEndRun                  
    3 fileAction           pre-events       pre-events       

Severity    # Occurrences   Total Occurrences
--------    -------------   -----------------
Warning                 1                   1
System                  3                   3

dropped waiting message count 0
wrote /work/outputs/remote_opq_sm_74905_znunu/event_features_test_nframe_scored.csv rows 100
22-Jun-2026 13:25:29 CEST  Initiating request to open file root://eospublic.cern.ch//eos/opendata/cms/mc/RunIISummer20UL16MiniAODv2/ZJetsToNuNu_HT-800To1200_TuneCP5_13TeV-madgraphMLM-pythia8/MINIAODSIM/106X_mcRun2_asymptotic_v17-v2/2520000/33C88A1A-1345-4749-8342-6F5FB295B94C.root
%MSG-w XrdAdaptor:  file_open 22-Jun-2026 13:25:31 CEST pre-events
Data is served from cern.ch instead of original site eospublic
%MSG
22-Jun-2026 13:25:34 CEST  Successfully opened file root://eospublic.cern.ch//eos/opendata/cms/mc/RunIISummer20UL16MiniAODv2/ZJetsToNuNu_HT-800To1200_TuneCP5_13TeV-madgraphMLM-pythia8/MINIAODSIM/106X_mcRun2_asymptotic_v17-v2/2520000/33C88A1A-1345-4749-8342-6F5FB295B94C.root
Begin processing the 1st record. Run 1, Event 3772879, LumiSection 3096 on stream 0 at 22-Jun-2026 13:25:37.268 CEST
Begin processing the 1001st record. Run 1, Event 3826781, LumiSection 3140 on stream 0 at 22-Jun-2026 13:25:49.098 CEST
Begin processing the 2001st record. Run 1, Event 6038231, LumiSection 4954 on stream 0 at 22-Jun-2026 13:25:53.163 CEST
Begin processing the 3001st record. Run 1, Event 6189492, LumiSection 5078 on stream 0 at 22-Jun-2026 13:26:03.972 CEST
Begin processing the 4001st record. Run 1, Event 6395310, LumiSection 5247 on stream 0 at 22-Jun-2026 13:26:09.367 CEST
22-Jun-2026 13:26:09 CEST  Closed file root://eospublic.cern.ch//eos/opendata/cms/mc/RunIISummer20UL16MiniAODv2/ZJetsToNuNu_HT-800To1200_TuneCP5_13TeV-madgraphMLM-pythia8/MINIAODSIM/106X_mcRun2_asymptotic_v17-v2/2520000/33C88A1A-1345-4749-8342-6F5FB295B94C.root

=============================================

MessageLogger Summary

 type     category        sev    module        subroutine        count    total
 ---- -------------------- -- ---------------- ----------------  -----    -----
    1 XrdAdaptor           -w file_open                              1        1
    2 fileAction           -s file_close                             1        1
    3 fileAction           -s file_open                              2        2

 type    category    Examples: run/evt        run/evt          run/evt
 ---- -------------------- ---------------- ---------------- ----------------
    1 XrdAdaptor           pre-events                        
    2 fileAction           PostGlobalEndRun                  
    3 fileAction           pre-events       pre-events       

Severity    # Occurrences   Total Occurrences
--------    -------------   -----------------
Warning                 1                   1
System                  3                   3

dropped waiting message count 0
wrote /work/outputs/remote_opq_sm_74905_znunu/event_features_nframe_scored.csv rows 4377
   N_events  mean_B_event_z  ...  mean_S_event_proxy           pseudo_region
0      1181       -0.897831  ...            1.524740        SR1_low_boundary
1      1013        0.053056  ...            1.746476          SR2_medium_MET
2       965        0.771516  ...            1.685323            SR3_high_MET
3        64        2.599128  ...            2.243515  SR4_high_MET_high_jets
4       693        1.647128  ...            2.122313       SR5_high_boundary
5       149        2.587989  ...            2.287576    SR6_extreme_boundary
6       203        0.941093  ...            1.523533   SR7_high_MET_fraction
7        39        2.655357  ...            2.423127   SR8_high_multiplicity

[8 rows x 10 columns]
Done: remote_opq_sm_74905_znunu
Outputs: /work/outputs/remote_opq_sm_74905_znunu
docker run --rm -v D:\Gamer File\My Work\The PhD\Extra\Nframe\nframe_cms_stage2_event_boundary\cloud_remote_nframe_package\cmssw_full_extraction:/work cmsopendata/cmssw_10_6_30-slc7_amd64_gcc700 bash -lc export SAMPLE_ID=remote_opq_sm_74905_znunu; export NFRAME_INPUT_FILES='root://eospublic.cern.ch//eos/opendata/cms/mc/RunIISummer20UL16MiniAODv2/ZJetsToNuNu_HT-800To1200_TuneCP5_13TeV-madgraphMLM-pythia8/MINIAODSIM/106X_mcRun2_asymptotic_v17-v2/2520000/33C88A1A-1345-4749-8342-6F5FB295B94C.root'; export NFRAME_INPUT_DIR=/data; export NFRAME_OUTPUT_DIR=/work/outputs/${SAMPLE_ID}; export NFRAME_TEST_MAXEVENTS=100; export NFRAME_MAXEVENTS_FULL=5000; bash /work/run_one_sample.sh
